{
  "stats": {
    "suites": 15,
    "tests": 46,
    "passes": 46,
    "pending": 0,
    "failures": 0,
    "start": "2025-04-15T15:07:57.392Z",
    "end": "2025-04-15T15:07:57.413Z",
    "duration": 21,
    "testsRegistered": 46,
    "passPercent": 100,
    "pendingPercent": 0,
    "other": 0,
    "hasOther": false,
    "skipped": 0,
    "hasSkipped": false
  },
  "results": [
    {
      "uuid": "0c8500f2-1a11-4d5a-905b-a341a188a967",
      "title": "",
      "fullFile": "",
      "file": "",
      "beforeHooks": [],
      "afterHooks": [],
      "tests": [],
      "suites": [
        {
          "uuid": "b628c63f-8bba-4512-8a28-b2bea5385aac",
          "title": "Array Utils",
          "fullFile": "C:\\Test_JS\\test\\arrayUtils.test.js",
          "file": "\\test\\arrayUtils.test.js",
          "beforeHooks": [],
          "afterHooks": [],
          "tests": [],
          "suites": [
            {
              "uuid": "c61c2d94-f11f-4a07-95f4-3431d278a550",
              "title": "findMax",
              "fullFile": "C:\\Test_JS\\test\\arrayUtils.test.js",
              "file": "\\test\\arrayUtils.test.js",
              "beforeHooks": [],
              "afterHooks": [],
              "tests": [
                {
                  "title": "Returns the maximum value in the array",
                  "fullTitle": "Array Utils findMax Returns the maximum value in the array",
                  "timedOut": false,
                  "duration": 1,
                  "state": "passed",
                  "speed": "fast",
                  "pass": true,
                  "fail": false,
                  "pending": false,
                  "context": null,
                  "code": "expect(findMax([1, 2, 3])).to.equal(3);",
                  "err": {},
                  "uuid": "326224cf-f19a-4d2b-82ac-e56b8db56787",
                  "parentUUID": "c61c2d94-f11f-4a07-95f4-3431d278a550",
                  "isHook": false,
                  "skipped": false
                },
                {
                  "title": "Throws error if input is not an array",
                  "fullTitle": "Array Utils findMax Throws error if input is not an array",
                  "timedOut": false,
                  "duration": 1,
                  "state": "passed",
                  "speed": "fast",
                  "pass": true,
                  "fail": false,
                  "pending": false,
                  "context": null,
                  "code": "expect(() => findMax(\"not an array\")).to.throw(\"Input must be an array\");",
                  "err": {},
                  "uuid": "cdfc6b86-ce48-4fec-ae8d-9b2d6309db98",
                  "parentUUID": "c61c2d94-f11f-4a07-95f4-3431d278a550",
                  "isHook": false,
                  "skipped": false
                },
                {
                  "title": "Works with negative numbers",
                  "fullTitle": "Array Utils findMax Works with negative numbers",
                  "timedOut": false,
                  "duration": 0,
                  "state": "passed",
                  "speed": "fast",
                  "pass": true,
                  "fail": false,
                  "pending": false,
                  "context": null,
                  "code": "expect(findMax([-1, -2, -3])).to.equal(-1);",
                  "err": {},
                  "uuid": "0c18536a-d6ad-4900-9b6a-abcb66105c52",
                  "parentUUID": "c61c2d94-f11f-4a07-95f4-3431d278a550",
                  "isHook": false,
                  "skipped": false
                }
              ],
              "suites": [],
              "passes": [
                "326224cf-f19a-4d2b-82ac-e56b8db56787",
                "cdfc6b86-ce48-4fec-ae8d-9b2d6309db98",
                "0c18536a-d6ad-4900-9b6a-abcb66105c52"
              ],
              "failures": [],
              "pending": [],
              "skipped": [],
              "duration": 2,
              "root": false,
              "rootEmpty": false,
              "_timeout": 2000
            },
            {
              "uuid": "d45ba2dd-6aac-4465-ae53-5020220c3d04",
              "title": "findMin",
              "fullFile": "C:\\Test_JS\\test\\arrayUtils.test.js",
              "file": "\\test\\arrayUtils.test.js",
              "beforeHooks": [],
              "afterHooks": [],
              "tests": [
                {
                  "title": "Returns the minimum value in the array",
                  "fullTitle": "Array Utils findMin Returns the minimum value in the array",
                  "timedOut": false,
                  "duration": 0,
                  "state": "passed",
                  "speed": "fast",
                  "pass": true,
                  "fail": false,
                  "pending": false,
                  "context": null,
                  "code": "expect(findMin([1, 2, 3])).to.equal(1);",
                  "err": {},
                  "uuid": "e35a1f01-02e3-4967-ba85-d3770f724c1f",
                  "parentUUID": "d45ba2dd-6aac-4465-ae53-5020220c3d04",
                  "isHook": false,
                  "skipped": false
                },
                {
                  "title": "Throws error if input is not an array",
                  "fullTitle": "Array Utils findMin Throws error if input is not an array",
                  "timedOut": false,
                  "duration": 0,
                  "state": "passed",
                  "speed": "fast",
                  "pass": true,
                  "fail": false,
                  "pending": false,
                  "context": null,
                  "code": "expect(() => findMin(\"not an array\")).to.throw(\"Input must be an array\");",
                  "err": {},
                  "uuid": "c07fdf95-fccc-468c-999f-3b9e52f0185f",
                  "parentUUID": "d45ba2dd-6aac-4465-ae53-5020220c3d04",
                  "isHook": false,
                  "skipped": false
                },
                {
                  "title": "Works with negative numbers",
                  "fullTitle": "Array Utils findMin Works with negative numbers",
                  "timedOut": false,
                  "duration": 0,
                  "state": "passed",
                  "speed": "fast",
                  "pass": true,
                  "fail": false,
                  "pending": false,
                  "context": null,
                  "code": "expect(findMin([-1, -2, -3])).to.equal(-3);",
                  "err": {},
                  "uuid": "745474de-6802-4f63-8ab7-f00b918fc2e0",
                  "parentUUID": "d45ba2dd-6aac-4465-ae53-5020220c3d04",
                  "isHook": false,
                  "skipped": false
                }
              ],
              "suites": [],
              "passes": [
                "e35a1f01-02e3-4967-ba85-d3770f724c1f",
                "c07fdf95-fccc-468c-999f-3b9e52f0185f",
                "745474de-6802-4f63-8ab7-f00b918fc2e0"
              ],
              "failures": [],
              "pending": [],
              "skipped": [],
              "duration": 0,
              "root": false,
              "rootEmpty": false,
              "_timeout": 2000
            },
            {
              "uuid": "6b51edc3-8a40-41da-a91c-caab5da8cc0f",
              "title": "removeDuplicates",
              "fullFile": "C:\\Test_JS\\test\\arrayUtils.test.js",
              "file": "\\test\\arrayUtils.test.js",
              "beforeHooks": [],
              "afterHooks": [],
              "tests": [
                {
                  "title": "Removes duplicates from the array",
                  "fullTitle": "Array Utils removeDuplicates Removes duplicates from the array",
                  "timedOut": false,
                  "duration": 0,
                  "state": "passed",
                  "speed": "fast",
                  "pass": true,
                  "fail": false,
                  "pending": false,
                  "context": null,
                  "code": "expect(removeDuplicates([1, 2, 2, 3, 3])).to.deep.equal([1, 2, 3]);",
                  "err": {},
                  "uuid": "82e23054-6709-4889-99e7-d2a700a891cd",
                  "parentUUID": "6b51edc3-8a40-41da-a91c-caab5da8cc0f",
                  "isHook": false,
                  "skipped": false
                },
                {
                  "title": "Throws error if input is not an array",
                  "fullTitle": "Array Utils removeDuplicates Throws error if input is not an array",
                  "timedOut": false,
                  "duration": 1,
                  "state": "passed",
                  "speed": "fast",
                  "pass": true,
                  "fail": false,
                  "pending": false,
                  "context": null,
                  "code": "expect(() => removeDuplicates(\"not an array\")).to.throw(\"Input must be an array\");",
                  "err": {},
                  "uuid": "4f0a150f-1824-4b8a-a540-c80ca14be00e",
                  "parentUUID": "6b51edc3-8a40-41da-a91c-caab5da8cc0f",
                  "isHook": false,
                  "skipped": false
                },
                {
                  "title": "Works with empty array",
                  "fullTitle": "Array Utils removeDuplicates Works with empty array",
                  "timedOut": false,
                  "duration": 0,
                  "state": "passed",
                  "speed": "fast",
                  "pass": true,
                  "fail": false,
                  "pending": false,
                  "context": null,
                  "code": "expect(removeDuplicates([])).to.deep.equal([]);",
                  "err": {},
                  "uuid": "c772faf0-10e3-42b2-a114-b5761000d60d",
                  "parentUUID": "6b51edc3-8a40-41da-a91c-caab5da8cc0f",
                  "isHook": false,
                  "skipped": false
                },
                {
                  "title": "Works with array without duplicates",
                  "fullTitle": "Array Utils removeDuplicates Works with array without duplicates",
                  "timedOut": false,
                  "duration": 0,
                  "state": "passed",
                  "speed": "fast",
                  "pass": true,
                  "fail": false,
                  "pending": false,
                  "context": null,
                  "code": "expect(removeDuplicates([1, 2, 3])).to.deep.equal([1, 2, 3]);",
                  "err": {},
                  "uuid": "ca99f2ff-c275-4fb9-b0a1-3e79e860359e",
                  "parentUUID": "6b51edc3-8a40-41da-a91c-caab5da8cc0f",
                  "isHook": false,
                  "skipped": false
                }
              ],
              "suites": [],
              "passes": [
                "82e23054-6709-4889-99e7-d2a700a891cd",
                "4f0a150f-1824-4b8a-a540-c80ca14be00e",
                "c772faf0-10e3-42b2-a114-b5761000d60d",
                "ca99f2ff-c275-4fb9-b0a1-3e79e860359e"
              ],
              "failures": [],
              "pending": [],
              "skipped": [],
              "duration": 1,
              "root": false,
              "rootEmpty": false,
              "_timeout": 2000
            }
          ],
          "passes": [],
          "failures": [],
          "pending": [],
          "skipped": [],
          "duration": 0,
          "root": false,
          "rootEmpty": false,
          "_timeout": 2000
        },
        {
          "uuid": "1c3fe907-74a5-4eec-9000-2f2f0d7a8eea",
          "title": "String Utils",
          "fullFile": "C:\\Test_JS\\test\\stringUtils.test.js",
          "file": "\\test\\stringUtils.test.js",
          "beforeHooks": [],
          "afterHooks": [],
          "tests": [],
          "suites": [
            {
              "uuid": "5d5bc75f-88c7-4922-9f2c-2f1abf4377b7",
              "title": "capitalize",
              "fullFile": "C:\\Test_JS\\test\\stringUtils.test.js",
              "file": "\\test\\stringUtils.test.js",
              "beforeHooks": [],
              "afterHooks": [],
              "tests": [
                {
                  "title": "Makes the first letter of the string uppercase",
                  "fullTitle": "String Utils capitalize Makes the first letter of the string uppercase",
                  "timedOut": false,
                  "duration": 0,
                  "state": "passed",
                  "speed": "fast",
                  "pass": true,
                  "fail": false,
                  "pending": false,
                  "context": null,
                  "code": "expect(capitalize('hello')).to.equal('Hello');",
                  "err": {},
                  "uuid": "617ed3f6-0e17-45d3-9cef-a51593abb21c",
                  "parentUUID": "5d5bc75f-88c7-4922-9f2c-2f1abf4377b7",
                  "isHook": false,
                  "skipped": false
                },
                {
                  "title": "Throws error if input is not a string",
                  "fullTitle": "String Utils capitalize Throws error if input is not a string",
                  "timedOut": false,
                  "duration": 0,
                  "state": "passed",
                  "speed": "fast",
                  "pass": true,
                  "fail": false,
                  "pending": false,
                  "context": null,
                  "code": "expect(() => capitalize(123)).to.throw(\"Input must be a string\");",
                  "err": {},
                  "uuid": "58b169c7-2585-4754-9a73-fd9c316a0f26",
                  "parentUUID": "5d5bc75f-88c7-4922-9f2c-2f1abf4377b7",
                  "isHook": false,
                  "skipped": false
                },
                {
                  "title": "Works with empty string",
                  "fullTitle": "String Utils capitalize Works with empty string",
                  "timedOut": false,
                  "duration": 0,
                  "state": "passed",
                  "speed": "fast",
                  "pass": true,
                  "fail": false,
                  "pending": false,
                  "context": null,
                  "code": "expect(capitalize('')).to.equal('');",
                  "err": {},
                  "uuid": "c100f77e-e85f-4c3a-a85d-3e425496c749",
                  "parentUUID": "5d5bc75f-88c7-4922-9f2c-2f1abf4377b7",
                  "isHook": false,
                  "skipped": false
                },
                {
                  "title": "Works with single letter",
                  "fullTitle": "String Utils capitalize Works with single letter",
                  "timedOut": false,
                  "duration": 0,
                  "state": "passed",
                  "speed": "fast",
                  "pass": true,
                  "fail": false,
                  "pending": false,
                  "context": null,
                  "code": "expect(capitalize('a')).to.equal('A');",
                  "err": {},
                  "uuid": "95f88b9b-4819-4081-b293-f0e2c7f2c2b5",
                  "parentUUID": "5d5bc75f-88c7-4922-9f2c-2f1abf4377b7",
                  "isHook": false,
                  "skipped": false
                }
              ],
              "suites": [],
              "passes": [
                "617ed3f6-0e17-45d3-9cef-a51593abb21c",
                "58b169c7-2585-4754-9a73-fd9c316a0f26",
                "c100f77e-e85f-4c3a-a85d-3e425496c749",
                "95f88b9b-4819-4081-b293-f0e2c7f2c2b5"
              ],
              "failures": [],
              "pending": [],
              "skipped": [],
              "duration": 0,
              "root": false,
              "rootEmpty": false,
              "_timeout": 2000
            },
            {
              "uuid": "22a3b7a4-0911-4447-acf5-d718c4ead4c5",
              "title": "reverseString",
              "fullFile": "C:\\Test_JS\\test\\stringUtils.test.js",
              "file": "\\test\\stringUtils.test.js",
              "beforeHooks": [],
              "afterHooks": [],
              "tests": [
                {
                  "title": "Reverses the string",
                  "fullTitle": "String Utils reverseString Reverses the string",
                  "timedOut": false,
                  "duration": 0,
                  "state": "passed",
                  "speed": "fast",
                  "pass": true,
                  "fail": false,
                  "pending": false,
                  "context": null,
                  "code": "expect(reverseString('hello')).to.equal('olleh');",
                  "err": {},
                  "uuid": "0e2b3b82-9994-488f-bef6-6af08ffbe9a1",
                  "parentUUID": "22a3b7a4-0911-4447-acf5-d718c4ead4c5",
                  "isHook": false,
                  "skipped": false
                },
                {
                  "title": "Throws error if input is not a string",
                  "fullTitle": "String Utils reverseString Throws error if input is not a string",
                  "timedOut": false,
                  "duration": 0,
                  "state": "passed",
                  "speed": "fast",
                  "pass": true,
                  "fail": false,
                  "pending": false,
                  "context": null,
                  "code": "expect(() => reverseString(123)).to.throw(\"Input must be a string\");",
                  "err": {},
                  "uuid": "850cca45-0554-4c99-8efb-e91d76176ea4",
                  "parentUUID": "22a3b7a4-0911-4447-acf5-d718c4ead4c5",
                  "isHook": false,
                  "skipped": false
                },
                {
                  "title": "Works with empty string",
                  "fullTitle": "String Utils reverseString Works with empty string",
                  "timedOut": false,
                  "duration": 0,
                  "state": "passed",
                  "speed": "fast",
                  "pass": true,
                  "fail": false,
                  "pending": false,
                  "context": null,
                  "code": "expect(reverseString('')).to.equal('');",
                  "err": {},
                  "uuid": "de94f6b4-fde0-4bfe-9dcc-a62e1f463773",
                  "parentUUID": "22a3b7a4-0911-4447-acf5-d718c4ead4c5",
                  "isHook": false,
                  "skipped": false
                },
                {
                  "title": "Works with palindrome",
                  "fullTitle": "String Utils reverseString Works with palindrome",
                  "timedOut": false,
                  "duration": 0,
                  "state": "passed",
                  "speed": "fast",
                  "pass": true,
                  "fail": false,
                  "pending": false,
                  "context": null,
                  "code": "expect(reverseString('level')).to.equal('level');",
                  "err": {},
                  "uuid": "68cabe8a-5659-4939-9e60-e289ad5198f8",
                  "parentUUID": "22a3b7a4-0911-4447-acf5-d718c4ead4c5",
                  "isHook": false,
                  "skipped": false
                }
              ],
              "suites": [],
              "passes": [
                "0e2b3b82-9994-488f-bef6-6af08ffbe9a1",
                "850cca45-0554-4c99-8efb-e91d76176ea4",
                "de94f6b4-fde0-4bfe-9dcc-a62e1f463773",
                "68cabe8a-5659-4939-9e60-e289ad5198f8"
              ],
              "failures": [],
              "pending": [],
              "skipped": [],
              "duration": 0,
              "root": false,
              "rootEmpty": false,
              "_timeout": 2000
            },
            {
              "uuid": "92f310c4-79d3-4dd0-9d76-17019ca0c7a8",
              "title": "isPalindrome",
              "fullFile": "C:\\Test_JS\\test\\stringUtils.test.js",
              "file": "\\test\\stringUtils.test.js",
              "beforeHooks": [],
              "afterHooks": [],
              "tests": [
                {
                  "title": "Checks if the string is a palindrome",
                  "fullTitle": "String Utils isPalindrome Checks if the string is a palindrome",
                  "timedOut": false,
                  "duration": 0,
                  "state": "passed",
                  "speed": "fast",
                  "pass": true,
                  "fail": false,
                  "pending": false,
                  "context": null,
                  "code": "expect(isPalindrome('level')).to.equal(true);\nexpect(isPalindrome('hello')).to.equal(false);",
                  "err": {},
                  "uuid": "75d65a32-960b-4689-a32e-7a422c82fcf6",
                  "parentUUID": "92f310c4-79d3-4dd0-9d76-17019ca0c7a8",
                  "isHook": false,
                  "skipped": false
                },
                {
                  "title": "Throws error if input is not a string",
                  "fullTitle": "String Utils isPalindrome Throws error if input is not a string",
                  "timedOut": false,
                  "duration": 0,
                  "state": "passed",
                  "speed": "fast",
                  "pass": true,
                  "fail": false,
                  "pending": false,
                  "context": null,
                  "code": "expect(() => isPalindrome(123)).to.throw(\"Input must be a string\");",
                  "err": {},
                  "uuid": "7e45dcad-ebe0-4e70-8f8c-275c7868665b",
                  "parentUUID": "92f310c4-79d3-4dd0-9d76-17019ca0c7a8",
                  "isHook": false,
                  "skipped": false
                },
                {
                  "title": "Works with empty string",
                  "fullTitle": "String Utils isPalindrome Works with empty string",
                  "timedOut": false,
                  "duration": 0,
                  "state": "passed",
                  "speed": "fast",
                  "pass": true,
                  "fail": false,
                  "pending": false,
                  "context": null,
                  "code": "expect(isPalindrome('')).to.equal(true);",
                  "err": {},
                  "uuid": "95bc369b-4d0f-4949-855d-0294af252a68",
                  "parentUUID": "92f310c4-79d3-4dd0-9d76-17019ca0c7a8",
                  "isHook": false,
                  "skipped": false
                },
                {
                  "title": "Works with single letter",
                  "fullTitle": "String Utils isPalindrome Works with single letter",
                  "timedOut": false,
                  "duration": 0,
                  "state": "passed",
                  "speed": "fast",
                  "pass": true,
                  "fail": false,
                  "pending": false,
                  "context": null,
                  "code": "expect(isPalindrome('a')).to.equal(true);",
                  "err": {},
                  "uuid": "8119f0de-ac5b-40b3-ac83-1610058d73ea",
                  "parentUUID": "92f310c4-79d3-4dd0-9d76-17019ca0c7a8",
                  "isHook": false,
                  "skipped": false
                }
              ],
              "suites": [],
              "passes": [
                "75d65a32-960b-4689-a32e-7a422c82fcf6",
                "7e45dcad-ebe0-4e70-8f8c-275c7868665b",
                "95bc369b-4d0f-4949-855d-0294af252a68",
                "8119f0de-ac5b-40b3-ac83-1610058d73ea"
              ],
              "failures": [],
              "pending": [],
              "skipped": [],
              "duration": 0,
              "root": false,
              "rootEmpty": false,
              "_timeout": 2000
            }
          ],
          "passes": [],
          "failures": [],
          "pending": [],
          "skipped": [],
          "duration": 0,
          "root": false,
          "rootEmpty": false,
          "_timeout": 2000
        },
        {
          "uuid": "8454945b-5769-440e-a1cc-164a2f7f4e7c",
          "title": "Student Knowledge Checker",
          "fullFile": "C:\\Test_JS\\test\\studentKnowledgeChecker.test.js",
          "file": "\\test\\studentKnowledgeChecker.test.js",
          "beforeHooks": [],
          "afterHooks": [],
          "tests": [],
          "suites": [
            {
              "uuid": "48b5e4ce-314f-4743-abd8-c3f4a23eff0b",
              "title": "checkStudentKnowledge",
              "fullFile": "C:\\Test_JS\\test\\studentKnowledgeChecker.test.js",
              "file": "\\test\\studentKnowledgeChecker.test.js",
              "beforeHooks": [],
              "afterHooks": [],
              "tests": [
                {
                  "title": "Returns true if all answers are correct",
                  "fullTitle": "Student Knowledge Checker checkStudentKnowledge Returns true if all answers are correct",
                  "timedOut": false,
                  "duration": 0,
                  "state": "passed",
                  "speed": "fast",
                  "pass": true,
                  "fail": false,
                  "pending": false,
                  "context": null,
                  "code": "const studentAnswers = { \n  question1: \"answer1\", \n  question2: \"answer2\" \n};\nconst correctAnswers = { \n  question1: \"answer1\", \n  question2: \"answer2\" \n};\nexpect(checkStudentKnowledge(studentAnswers, correctAnswers)).to.equal(true);",
                  "err": {},
                  "uuid": "763327aa-199e-461f-8b41-380f1732e937",
                  "parentUUID": "48b5e4ce-314f-4743-abd8-c3f4a23eff0b",
                  "isHook": false,
                  "skipped": false
                },
                {
                  "title": "Returns false if at least one answer is incorrect",
                  "fullTitle": "Student Knowledge Checker checkStudentKnowledge Returns false if at least one answer is incorrect",
                  "timedOut": false,
                  "duration": 0,
                  "state": "passed",
                  "speed": "fast",
                  "pass": true,
                  "fail": false,
                  "pending": false,
                  "context": null,
                  "code": "const studentAnswers = { \n  question1: \"answer1\", \n  question2: \"wrong\" \n};\nconst correctAnswers = { \n  question1: \"answer1\", \n  question2: \"answer2\" \n};\nexpect(checkStudentKnowledge(studentAnswers, correctAnswers)).to.equal(false);",
                  "err": {},
                  "uuid": "46034f18-18f0-4c82-bf8e-e64329f8ea66",
                  "parentUUID": "48b5e4ce-314f-4743-abd8-c3f4a23eff0b",
                  "isHook": false,
                  "skipped": false
                },
                {
                  "title": "Returns false if number of answers doesn't match",
                  "fullTitle": "Student Knowledge Checker checkStudentKnowledge Returns false if number of answers doesn't match",
                  "timedOut": false,
                  "duration": 0,
                  "state": "passed",
                  "speed": "fast",
                  "pass": true,
                  "fail": false,
                  "pending": false,
                  "context": null,
                  "code": "const studentAnswers = { \n  question1: \"answer1\"\n};\nconst correctAnswers = { \n  question1: \"answer1\", \n  question2: \"answer2\" \n};\nexpect(checkStudentKnowledge(studentAnswers, correctAnswers)).to.equal(false);",
                  "err": {},
                  "uuid": "5aa989cb-6905-4ab8-ba7c-7a9cc5ca0355",
                  "parentUUID": "48b5e4ce-314f-4743-abd8-c3f4a23eff0b",
                  "isHook": false,
                  "skipped": false
                },
                {
                  "title": "Returns false if question keys don't match",
                  "fullTitle": "Student Knowledge Checker checkStudentKnowledge Returns false if question keys don't match",
                  "timedOut": false,
                  "duration": 0,
                  "state": "passed",
                  "speed": "fast",
                  "pass": true,
                  "fail": false,
                  "pending": false,
                  "context": null,
                  "code": "const studentAnswers = { \n  question1: \"answer1\", \n  wrongKey: \"answer2\" \n};\nconst correctAnswers = { \n  question1: \"answer1\", \n  question2: \"answer2\" \n};\nexpect(checkStudentKnowledge(studentAnswers, correctAnswers)).to.equal(false);",
                  "err": {},
                  "uuid": "cfde29c9-512f-406b-9ec1-fb03d072ba2a",
                  "parentUUID": "48b5e4ce-314f-4743-abd8-c3f4a23eff0b",
                  "isHook": false,
                  "skipped": false
                },
                {
                  "title": "Works with empty objects",
                  "fullTitle": "Student Knowledge Checker checkStudentKnowledge Works with empty objects",
                  "timedOut": false,
                  "duration": 0,
                  "state": "passed",
                  "speed": "fast",
                  "pass": true,
                  "fail": false,
                  "pending": false,
                  "context": null,
                  "code": "expect(checkStudentKnowledge({}, {})).to.equal(true);",
                  "err": {},
                  "uuid": "a7133866-b2e2-4f26-b7d2-a549819fe150",
                  "parentUUID": "48b5e4ce-314f-4743-abd8-c3f4a23eff0b",
                  "isHook": false,
                  "skipped": false
                }
              ],
              "suites": [],
              "passes": [
                "763327aa-199e-461f-8b41-380f1732e937",
                "46034f18-18f0-4c82-bf8e-e64329f8ea66",
                "5aa989cb-6905-4ab8-ba7c-7a9cc5ca0355",
                "cfde29c9-512f-406b-9ec1-fb03d072ba2a",
                "a7133866-b2e2-4f26-b7d2-a549819fe150"
              ],
              "failures": [],
              "pending": [],
              "skipped": [],
              "duration": 0,
              "root": false,
              "rootEmpty": false,
              "_timeout": 2000
            }
          ],
          "passes": [],
          "failures": [],
          "pending": [],
          "skipped": [],
          "duration": 0,
          "root": false,
          "rootEmpty": false,
          "_timeout": 2000
        },
        {
          "uuid": "d69aa254-c429-421d-92fb-9894d77ab894",
          "title": "Users List Utils",
          "fullFile": "C:\\Test_JS\\test\\usersListUtils.test.js",
          "file": "\\test\\usersListUtils.test.js",
          "beforeHooks": [],
          "afterHooks": [],
          "tests": [],
          "suites": [
            {
              "uuid": "8189237c-6923-4bf1-8052-fea2c4b5cc18",
              "title": "filterUsersByAge",
              "fullFile": "C:\\Test_JS\\test\\usersListUtils.test.js",
              "file": "\\test\\usersListUtils.test.js",
              "beforeHooks": [],
              "afterHooks": [],
              "tests": [
                {
                  "title": "Filters users by age",
                  "fullTitle": "Users List Utils filterUsersByAge Filters users by age",
                  "timedOut": false,
                  "duration": 0,
                  "state": "passed",
                  "speed": "fast",
                  "pass": true,
                  "fail": false,
                  "pending": false,
                  "context": null,
                  "code": "const result = filterUsersByAge(users, 25, 30);\nexpect(result).to.deep.equal([\n  { id: 1, name: \"John\", age: 25, email: \"john@example.com\" },\n  { id: 2, name: \"Anna\", age: 30, email: \"anna@example.com\" }\n]);",
                  "err": {},
                  "uuid": "9cd56d36-7ee1-43ed-bc1f-05b0e04329fe",
                  "parentUUID": "8189237c-6923-4bf1-8052-fea2c4b5cc18",
                  "isHook": false,
                  "skipped": false
                },
                {
                  "title": "Returns empty array when no users match age range",
                  "fullTitle": "Users List Utils filterUsersByAge Returns empty array when no users match age range",
                  "timedOut": false,
                  "duration": 0,
                  "state": "passed",
                  "speed": "fast",
                  "pass": true,
                  "fail": false,
                  "pending": false,
                  "context": null,
                  "code": "const result = filterUsersByAge(users, 40, 50);\nexpect(result).to.deep.equal([]);",
                  "err": {},
                  "uuid": "bdb6e538-cc43-40e6-bf84-ec641b76615c",
                  "parentUUID": "8189237c-6923-4bf1-8052-fea2c4b5cc18",
                  "isHook": false,
                  "skipped": false
                },
                {
                  "title": "Throws error if users is not an array",
                  "fullTitle": "Users List Utils filterUsersByAge Throws error if users is not an array",
                  "timedOut": false,
                  "duration": 0,
                  "state": "passed",
                  "speed": "fast",
                  "pass": true,
                  "fail": false,
                  "pending": false,
                  "context": null,
                  "code": "expect(() => filterUsersByAge(\"not an array\", 25, 30)).to.throw(\"Users must be an array\");",
                  "err": {},
                  "uuid": "b02a0e56-8709-465b-8cae-2a608447ac36",
                  "parentUUID": "8189237c-6923-4bf1-8052-fea2c4b5cc18",
                  "isHook": false,
                  "skipped": false
                },
                {
                  "title": "Works with empty array",
                  "fullTitle": "Users List Utils filterUsersByAge Works with empty array",
                  "timedOut": false,
                  "duration": 0,
                  "state": "passed",
                  "speed": "fast",
                  "pass": true,
                  "fail": false,
                  "pending": false,
                  "context": null,
                  "code": "expect(filterUsersByAge([], 25, 30)).to.deep.equal([]);",
                  "err": {},
                  "uuid": "9cd351ea-a4ab-45b3-9900-588b7cb8c750",
                  "parentUUID": "8189237c-6923-4bf1-8052-fea2c4b5cc18",
                  "isHook": false,
                  "skipped": false
                },
                {
                  "title": "Includes users at boundary ages",
                  "fullTitle": "Users List Utils filterUsersByAge Includes users at boundary ages",
                  "timedOut": false,
                  "duration": 0,
                  "state": "passed",
                  "speed": "fast",
                  "pass": true,
                  "fail": false,
                  "pending": false,
                  "context": null,
                  "code": "const result = filterUsersByAge(users, 20, 25);\nexpect(result).to.deep.equal([\n  { id: 1, name: \"John\", age: 25, email: \"john@example.com\" },\n  { id: 3, name: \"Bob\", age: 20, email: \"bob@example.com\" }\n]);",
                  "err": {},
                  "uuid": "ce6a013b-8684-40a4-bc74-3adf915d56ae",
                  "parentUUID": "8189237c-6923-4bf1-8052-fea2c4b5cc18",
                  "isHook": false,
                  "skipped": false
                }
              ],
              "suites": [],
              "passes": [
                "9cd56d36-7ee1-43ed-bc1f-05b0e04329fe",
                "bdb6e538-cc43-40e6-bf84-ec641b76615c",
                "b02a0e56-8709-465b-8cae-2a608447ac36",
                "9cd351ea-a4ab-45b3-9900-588b7cb8c750",
                "ce6a013b-8684-40a4-bc74-3adf915d56ae"
              ],
              "failures": [],
              "pending": [],
              "skipped": [],
              "duration": 0,
              "root": false,
              "rootEmpty": false,
              "_timeout": 2000
            },
            {
              "uuid": "303b4ff8-2f07-4a09-bed5-401e049573c1",
              "title": "sortUsersByName",
              "fullFile": "C:\\Test_JS\\test\\usersListUtils.test.js",
              "file": "\\test\\usersListUtils.test.js",
              "beforeHooks": [],
              "afterHooks": [],
              "tests": [
                {
                  "title": "Sorts users by name",
                  "fullTitle": "Users List Utils sortUsersByName Sorts users by name",
                  "timedOut": false,
                  "duration": 0,
                  "state": "passed",
                  "speed": "fast",
                  "pass": true,
                  "fail": false,
                  "pending": false,
                  "context": null,
                  "code": "const result = sortUsersByName(users);\nexpect(result).to.deep.equal([\n  { id: 2, name: \"Anna\", age: 30, email: \"anna@example.com\" },\n  { id: 3, name: \"Bob\", age: 20, email: \"bob@example.com\" },\n  { id: 1, name: \"John\", age: 25, email: \"john@example.com\" }\n]);",
                  "err": {},
                  "uuid": "3c9643f2-d183-4ef6-a7c9-eb6b50211e65",
                  "parentUUID": "303b4ff8-2f07-4a09-bed5-401e049573c1",
                  "isHook": false,
                  "skipped": false
                },
                {
                  "title": "Throws error if users is not an array",
                  "fullTitle": "Users List Utils sortUsersByName Throws error if users is not an array",
                  "timedOut": false,
                  "duration": 1,
                  "state": "passed",
                  "speed": "fast",
                  "pass": true,
                  "fail": false,
                  "pending": false,
                  "context": null,
                  "code": "expect(() => sortUsersByName(\"not an array\")).to.throw(\"Users must be an array\");",
                  "err": {},
                  "uuid": "7fcdc2cb-cbfc-4b14-9cde-8dcffb655495",
                  "parentUUID": "303b4ff8-2f07-4a09-bed5-401e049573c1",
                  "isHook": false,
                  "skipped": false
                },
                {
                  "title": "Works with empty array",
                  "fullTitle": "Users List Utils sortUsersByName Works with empty array",
                  "timedOut": false,
                  "duration": 0,
                  "state": "passed",
                  "speed": "fast",
                  "pass": true,
                  "fail": false,
                  "pending": false,
                  "context": null,
                  "code": "expect(sortUsersByName([])).to.deep.equal([]);",
                  "err": {},
                  "uuid": "31e35e48-103a-4bcb-8871-15d2027b51f8",
                  "parentUUID": "303b4ff8-2f07-4a09-bed5-401e049573c1",
                  "isHook": false,
                  "skipped": false
                },
                {
                  "title": "Maintains original array order for same names",
                  "fullTitle": "Users List Utils sortUsersByName Maintains original array order for same names",
                  "timedOut": false,
                  "duration": 0,
                  "state": "passed",
                  "speed": "fast",
                  "pass": true,
                  "fail": false,
                  "pending": false,
                  "context": null,
                  "code": "const usersWithSameNames = [\n  { id: 1, name: \"John\", age: 25, email: \"john1@example.com\" },\n  { id: 2, name: \"John\", age: 30, email: \"john2@example.com\" }\n];\nconst result = sortUsersByName(usersWithSameNames);\nexpect(result).to.deep.equal(usersWithSameNames);",
                  "err": {},
                  "uuid": "1f8be3c9-cbb5-40f0-9efa-2b857f0ec2c6",
                  "parentUUID": "303b4ff8-2f07-4a09-bed5-401e049573c1",
                  "isHook": false,
                  "skipped": false
                }
              ],
              "suites": [],
              "passes": [
                "3c9643f2-d183-4ef6-a7c9-eb6b50211e65",
                "7fcdc2cb-cbfc-4b14-9cde-8dcffb655495",
                "31e35e48-103a-4bcb-8871-15d2027b51f8",
                "1f8be3c9-cbb5-40f0-9efa-2b857f0ec2c6"
              ],
              "failures": [],
              "pending": [],
              "skipped": [],
              "duration": 1,
              "root": false,
              "rootEmpty": false,
              "_timeout": 2000
            },
            {
              "uuid": "b8c0c0d3-25d0-4d9d-b34b-27001d45337b",
              "title": "findUserById",
              "fullFile": "C:\\Test_JS\\test\\usersListUtils.test.js",
              "file": "\\test\\usersListUtils.test.js",
              "beforeHooks": [],
              "afterHooks": [],
              "tests": [
                {
                  "title": "Finds user by ID",
                  "fullTitle": "Users List Utils findUserById Finds user by ID",
                  "timedOut": false,
                  "duration": 1,
                  "state": "passed",
                  "speed": "fast",
                  "pass": true,
                  "fail": false,
                  "pending": false,
                  "context": null,
                  "code": "const result = findUserById(users, 2);\nexpect(result).to.deep.equal({ id: 2, name: \"Anna\", age: 30, email: \"anna@example.com\" });",
                  "err": {},
                  "uuid": "50a54cc0-e138-47b3-8dc0-8c847eee595d",
                  "parentUUID": "b8c0c0d3-25d0-4d9d-b34b-27001d45337b",
                  "isHook": false,
                  "skipped": false
                },
                {
                  "title": "Returns null if user is not found",
                  "fullTitle": "Users List Utils findUserById Returns null if user is not found",
                  "timedOut": false,
                  "duration": 0,
                  "state": "passed",
                  "speed": "fast",
                  "pass": true,
                  "fail": false,
                  "pending": false,
                  "context": null,
                  "code": "const result = findUserById(users, 999);\nexpect(result).to.equal(null);",
                  "err": {},
                  "uuid": "157c71a4-ab1b-4102-b771-073362e3d5b0",
                  "parentUUID": "b8c0c0d3-25d0-4d9d-b34b-27001d45337b",
                  "isHook": false,
                  "skipped": false
                },
                {
                  "title": "Throws error if users is not an array",
                  "fullTitle": "Users List Utils findUserById Throws error if users is not an array",
                  "timedOut": false,
                  "duration": 0,
                  "state": "passed",
                  "speed": "fast",
                  "pass": true,
                  "fail": false,
                  "pending": false,
                  "context": null,
                  "code": "expect(() => findUserById(\"not an array\", 1)).to.throw(\"Users must be an array\");",
                  "err": {},
                  "uuid": "a235b3e2-e091-425b-a416-38febd6325b9",
                  "parentUUID": "b8c0c0d3-25d0-4d9d-b34b-27001d45337b",
                  "isHook": false,
                  "skipped": false
                },
                {
                  "title": "Works with empty array",
                  "fullTitle": "Users List Utils findUserById Works with empty array",
                  "timedOut": false,
                  "duration": 0,
                  "state": "passed",
                  "speed": "fast",
                  "pass": true,
                  "fail": false,
                  "pending": false,
                  "context": null,
                  "code": "expect(findUserById([], 1)).to.equal(null);",
                  "err": {},
                  "uuid": "0a627541-d806-4571-a6e9-c015775c057f",
                  "parentUUID": "b8c0c0d3-25d0-4d9d-b34b-27001d45337b",
                  "isHook": false,
                  "skipped": false
                },
                {
                  "title": "Finds first user if multiple users have same ID",
                  "fullTitle": "Users List Utils findUserById Finds first user if multiple users have same ID",
                  "timedOut": false,
                  "duration": 0,
                  "state": "passed",
                  "speed": "fast",
                  "pass": true,
                  "fail": false,
                  "pending": false,
                  "context": null,
                  "code": "const usersWithDuplicateIds = [\n  { id: 1, name: \"John\", age: 25, email: \"john1@example.com\" },\n  { id: 1, name: \"Jane\", age: 30, email: \"jane@example.com\" }\n];\nconst result = findUserById(usersWithDuplicateIds, 1);\nexpect(result).to.deep.equal(usersWithDuplicateIds[0]);",
                  "err": {},
                  "uuid": "53a19882-d9a3-4c96-b501-b67eed97e15d",
                  "parentUUID": "b8c0c0d3-25d0-4d9d-b34b-27001d45337b",
                  "isHook": false,
                  "skipped": false
                }
              ],
              "suites": [],
              "passes": [
                "50a54cc0-e138-47b3-8dc0-8c847eee595d",
                "157c71a4-ab1b-4102-b771-073362e3d5b0",
                "a235b3e2-e091-425b-a416-38febd6325b9",
                "0a627541-d806-4571-a6e9-c015775c057f",
                "53a19882-d9a3-4c96-b501-b67eed97e15d"
              ],
              "failures": [],
              "pending": [],
              "skipped": [],
              "duration": 1,
              "root": false,
              "rootEmpty": false,
              "_timeout": 2000
            },
            {
              "uuid": "f78bb017-f0de-459b-9aa3-e912023b38a0",
              "title": "isEmailTaken",
              "fullFile": "C:\\Test_JS\\test\\usersListUtils.test.js",
              "file": "\\test\\usersListUtils.test.js",
              "beforeHooks": [],
              "afterHooks": [],
              "tests": [
                {
                  "title": "Checks if email is taken",
                  "fullTitle": "Users List Utils isEmailTaken Checks if email is taken",
                  "timedOut": false,
                  "duration": 0,
                  "state": "passed",
                  "speed": "fast",
                  "pass": true,
                  "fail": false,
                  "pending": false,
                  "context": null,
                  "code": "expect(isEmailTaken(users, \"anna@example.com\")).to.equal(true);\nexpect(isEmailTaken(users, \"unknown@example.com\")).to.equal(false);",
                  "err": {},
                  "uuid": "c069a458-5dd5-4621-ac4f-0bdde9cd9dee",
                  "parentUUID": "f78bb017-f0de-459b-9aa3-e912023b38a0",
                  "isHook": false,
                  "skipped": false
                },
                {
                  "title": "Throws error if users is not an array",
                  "fullTitle": "Users List Utils isEmailTaken Throws error if users is not an array",
                  "timedOut": false,
                  "duration": 0,
                  "state": "passed",
                  "speed": "fast",
                  "pass": true,
                  "fail": false,
                  "pending": false,
                  "context": null,
                  "code": "expect(() => isEmailTaken(\"not an array\", \"test@example.com\")).to.throw(\"Users must be an array\");",
                  "err": {},
                  "uuid": "853bb4dd-0373-4432-99c0-f714e0cb280a",
                  "parentUUID": "f78bb017-f0de-459b-9aa3-e912023b38a0",
                  "isHook": false,
                  "skipped": false
                },
                {
                  "title": "Works with empty array",
                  "fullTitle": "Users List Utils isEmailTaken Works with empty array",
                  "timedOut": false,
                  "duration": 0,
                  "state": "passed",
                  "speed": "fast",
                  "pass": true,
                  "fail": false,
                  "pending": false,
                  "context": null,
                  "code": "expect(isEmailTaken([], \"test@example.com\")).to.equal(false);",
                  "err": {},
                  "uuid": "85fc5d54-5c0d-4151-bba7-2bff8cc27e4f",
                  "parentUUID": "f78bb017-f0de-459b-9aa3-e912023b38a0",
                  "isHook": false,
                  "skipped": false
                },
                {
                  "title": "Is case sensitive for email comparison",
                  "fullTitle": "Users List Utils isEmailTaken Is case sensitive for email comparison",
                  "timedOut": false,
                  "duration": 0,
                  "state": "passed",
                  "speed": "fast",
                  "pass": true,
                  "fail": false,
                  "pending": false,
                  "context": null,
                  "code": "expect(isEmailTaken(users, \"ANNA@EXAMPLE.COM\")).to.equal(false);",
                  "err": {},
                  "uuid": "3c51e4e9-5b59-40b0-bd5e-50d57bae9572",
                  "parentUUID": "f78bb017-f0de-459b-9aa3-e912023b38a0",
                  "isHook": false,
                  "skipped": false
                },
                {
                  "title": "Returns true for first matching email",
                  "fullTitle": "Users List Utils isEmailTaken Returns true for first matching email",
                  "timedOut": false,
                  "duration": 0,
                  "state": "passed",
                  "speed": "fast",
                  "pass": true,
                  "fail": false,
                  "pending": false,
                  "context": null,
                  "code": "const usersWithDuplicateEmails = [\n  { id: 1, name: \"John\", age: 25, email: \"test@example.com\" },\n  { id: 2, name: \"Jane\", age: 30, email: \"test@example.com\" }\n];\nexpect(isEmailTaken(usersWithDuplicateEmails, \"test@example.com\")).to.equal(true);",
                  "err": {},
                  "uuid": "bf7332b9-6a92-4f7a-a189-ea1f56e38080",
                  "parentUUID": "f78bb017-f0de-459b-9aa3-e912023b38a0",
                  "isHook": false,
                  "skipped": false
                }
              ],
              "suites": [],
              "passes": [
                "c069a458-5dd5-4621-ac4f-0bdde9cd9dee",
                "853bb4dd-0373-4432-99c0-f714e0cb280a",
                "85fc5d54-5c0d-4151-bba7-2bff8cc27e4f",
                "3c51e4e9-5b59-40b0-bd5e-50d57bae9572",
                "bf7332b9-6a92-4f7a-a189-ea1f56e38080"
              ],
              "failures": [],
              "pending": [],
              "skipped": [],
              "duration": 0,
              "root": false,
              "rootEmpty": false,
              "_timeout": 2000
            }
          ],
          "passes": [],
          "failures": [],
          "pending": [],
          "skipped": [],
          "duration": 0,
          "root": false,
          "rootEmpty": false,
          "_timeout": 2000
        }
      ],
      "passes": [],
      "failures": [],
      "pending": [],
      "skipped": [],
      "duration": 0,
      "root": true,
      "rootEmpty": true,
      "_timeout": 2000
    }
  ],
  "meta": {
    "mocha": {
      "version": "11.1.0"
    },
    "mochawesome": {
      "options": {
        "quiet": false,
        "reportFilename": "mochawesome",
        "saveHtml": true,
        "saveJson": true,
        "consoleReporter": "spec",
        "useInlineDiffs": false,
        "code": true
      },
      "version": "7.1.3"
    },
    "marge": {
      "options": {
        "[object Object]": true
      },
      "version": "6.2.0"
    }
  }
}