{
  "stats": {
    "suites": 66,
    "tests": 61,
    "passes": 61,
    "pending": 0,
    "failures": 0,
    "start": "2025-05-03T12:18:52.983Z",
    "end": "2025-05-03T12:18:53.015Z",
    "duration": 32,
    "testsRegistered": 61,
    "passPercent": 100,
    "pendingPercent": 0,
    "other": 0,
    "hasOther": false,
    "skipped": 0,
    "hasSkipped": false
  },
  "results": [
    {
      "uuid": "d8210947-587d-4874-99d1-4b6359251c64",
      "title": "",
      "fullFile": "",
      "file": "",
      "beforeHooks": [],
      "afterHooks": [],
      "tests": [],
      "suites": [
        {
          "uuid": "be89e338-55ee-487d-b353-6114c4048142",
          "title": "Array Utils",
          "fullFile": "C:\\Test_JS\\test\\arrayUtils.test.js",
          "file": "\\test\\arrayUtils.test.js",
          "beforeHooks": [],
          "afterHooks": [],
          "tests": [],
          "suites": [
            {
              "uuid": "9ea6d863-c021-49f0-84ce-a46af0807657",
              "title": "findMax - normal case",
              "fullFile": "C:\\Test_JS\\test\\arrayUtils.test.js",
              "file": "\\test\\arrayUtils.test.js",
              "beforeHooks": [],
              "afterHooks": [],
              "tests": [
                {
                  "title": "Returns the maximum value in the array",
                  "fullTitle": "Array Utils findMax - normal case Returns the maximum value in the array",
                  "timedOut": false,
                  "duration": 0,
                  "state": "passed",
                  "speed": "fast",
                  "pass": true,
                  "fail": false,
                  "pending": false,
                  "context": null,
                  "code": "expect(findMax([1, 2, 3])).to.equal(3);",
                  "err": {},
                  "uuid": "574ea546-ea12-4382-bd68-d8b957fe5523",
                  "parentUUID": "9ea6d863-c021-49f0-84ce-a46af0807657",
                  "isHook": false,
                  "skipped": false
                }
              ],
              "suites": [],
              "passes": [
                "574ea546-ea12-4382-bd68-d8b957fe5523"
              ],
              "failures": [],
              "pending": [],
              "skipped": [],
              "duration": 0,
              "root": false,
              "rootEmpty": false,
              "_timeout": 2000
            },
            {
              "uuid": "ccd23d73-abb4-472c-9c99-e91d2511ed71",
              "title": "findMax - input validation",
              "fullFile": "C:\\Test_JS\\test\\arrayUtils.test.js",
              "file": "\\test\\arrayUtils.test.js",
              "beforeHooks": [],
              "afterHooks": [],
              "tests": [
                {
                  "title": "Throws error if input is not an array",
                  "fullTitle": "Array Utils findMax - input validation Throws error if input is not an array",
                  "timedOut": false,
                  "duration": 1,
                  "state": "passed",
                  "speed": "fast",
                  "pass": true,
                  "fail": false,
                  "pending": false,
                  "context": null,
                  "code": "expect(() => findMax('not an array')).to.throw('Input must be an array');",
                  "err": {},
                  "uuid": "3ce69b85-1ce9-445c-8be7-cb69f3aa1332",
                  "parentUUID": "ccd23d73-abb4-472c-9c99-e91d2511ed71",
                  "isHook": false,
                  "skipped": false
                }
              ],
              "suites": [],
              "passes": [
                "3ce69b85-1ce9-445c-8be7-cb69f3aa1332"
              ],
              "failures": [],
              "pending": [],
              "skipped": [],
              "duration": 1,
              "root": false,
              "rootEmpty": false,
              "_timeout": 2000
            },
            {
              "uuid": "34d5f4f9-55ef-43b5-9d5d-529cf8d141f2",
              "title": "findMax - negative numbers",
              "fullFile": "C:\\Test_JS\\test\\arrayUtils.test.js",
              "file": "\\test\\arrayUtils.test.js",
              "beforeHooks": [],
              "afterHooks": [],
              "tests": [
                {
                  "title": "Works with negative numbers",
                  "fullTitle": "Array Utils findMax - negative numbers Works with negative numbers",
                  "timedOut": false,
                  "duration": 0,
                  "state": "passed",
                  "speed": "fast",
                  "pass": true,
                  "fail": false,
                  "pending": false,
                  "context": null,
                  "code": "expect(findMax([-1, -2, -3])).to.equal(-1);",
                  "err": {},
                  "uuid": "8f992853-a650-44e7-a8bd-766239b34cf6",
                  "parentUUID": "34d5f4f9-55ef-43b5-9d5d-529cf8d141f2",
                  "isHook": false,
                  "skipped": false
                }
              ],
              "suites": [],
              "passes": [
                "8f992853-a650-44e7-a8bd-766239b34cf6"
              ],
              "failures": [],
              "pending": [],
              "skipped": [],
              "duration": 0,
              "root": false,
              "rootEmpty": false,
              "_timeout": 2000
            },
            {
              "uuid": "671afd90-75e4-4ee5-814e-40e22987b6aa",
              "title": "findMin - normal case",
              "fullFile": "C:\\Test_JS\\test\\arrayUtils.test.js",
              "file": "\\test\\arrayUtils.test.js",
              "beforeHooks": [],
              "afterHooks": [],
              "tests": [
                {
                  "title": "Returns the minimum value in the array",
                  "fullTitle": "Array Utils findMin - normal case Returns the minimum value in the array",
                  "timedOut": false,
                  "duration": 0,
                  "state": "passed",
                  "speed": "fast",
                  "pass": true,
                  "fail": false,
                  "pending": false,
                  "context": null,
                  "code": "expect(findMin([1, 2, 3])).to.equal(1);",
                  "err": {},
                  "uuid": "d605fd57-3fab-4190-a755-21587b84ca97",
                  "parentUUID": "671afd90-75e4-4ee5-814e-40e22987b6aa",
                  "isHook": false,
                  "skipped": false
                }
              ],
              "suites": [],
              "passes": [
                "d605fd57-3fab-4190-a755-21587b84ca97"
              ],
              "failures": [],
              "pending": [],
              "skipped": [],
              "duration": 0,
              "root": false,
              "rootEmpty": false,
              "_timeout": 2000
            },
            {
              "uuid": "49992f53-567b-478f-9a77-ef4683fa5059",
              "title": "findMin - input validation",
              "fullFile": "C:\\Test_JS\\test\\arrayUtils.test.js",
              "file": "\\test\\arrayUtils.test.js",
              "beforeHooks": [],
              "afterHooks": [],
              "tests": [
                {
                  "title": "Throws error if input is not an array",
                  "fullTitle": "Array Utils findMin - input validation Throws error if input is not an array",
                  "timedOut": false,
                  "duration": 0,
                  "state": "passed",
                  "speed": "fast",
                  "pass": true,
                  "fail": false,
                  "pending": false,
                  "context": null,
                  "code": "expect(() => findMin('not an array')).to.throw('Input must be an array');",
                  "err": {},
                  "uuid": "d8166bb6-375a-4e86-9e1d-c3e2a3a30d9e",
                  "parentUUID": "49992f53-567b-478f-9a77-ef4683fa5059",
                  "isHook": false,
                  "skipped": false
                }
              ],
              "suites": [],
              "passes": [
                "d8166bb6-375a-4e86-9e1d-c3e2a3a30d9e"
              ],
              "failures": [],
              "pending": [],
              "skipped": [],
              "duration": 0,
              "root": false,
              "rootEmpty": false,
              "_timeout": 2000
            },
            {
              "uuid": "a3c9f873-0d67-42e0-b5e7-9f0461b2c593",
              "title": "findMin - negative numbers",
              "fullFile": "C:\\Test_JS\\test\\arrayUtils.test.js",
              "file": "\\test\\arrayUtils.test.js",
              "beforeHooks": [],
              "afterHooks": [],
              "tests": [
                {
                  "title": "Works with negative numbers",
                  "fullTitle": "Array Utils findMin - negative numbers Works with negative numbers",
                  "timedOut": false,
                  "duration": 0,
                  "state": "passed",
                  "speed": "fast",
                  "pass": true,
                  "fail": false,
                  "pending": false,
                  "context": null,
                  "code": "expect(findMin([-1, -2, -3])).to.equal(-3);",
                  "err": {},
                  "uuid": "3dc82900-3aec-442f-8203-7d7de8bffd52",
                  "parentUUID": "a3c9f873-0d67-42e0-b5e7-9f0461b2c593",
                  "isHook": false,
                  "skipped": false
                }
              ],
              "suites": [],
              "passes": [
                "3dc82900-3aec-442f-8203-7d7de8bffd52"
              ],
              "failures": [],
              "pending": [],
              "skipped": [],
              "duration": 0,
              "root": false,
              "rootEmpty": false,
              "_timeout": 2000
            },
            {
              "uuid": "8ece5593-a9dd-4d97-adda-95bae002a8f2",
              "title": "removeDuplicates - normal case",
              "fullFile": "C:\\Test_JS\\test\\arrayUtils.test.js",
              "file": "\\test\\arrayUtils.test.js",
              "beforeHooks": [],
              "afterHooks": [],
              "tests": [
                {
                  "title": "Removes duplicates from the array",
                  "fullTitle": "Array Utils removeDuplicates - normal case Removes duplicates from the array",
                  "timedOut": false,
                  "duration": 1,
                  "state": "passed",
                  "speed": "fast",
                  "pass": true,
                  "fail": false,
                  "pending": false,
                  "context": null,
                  "code": "expect(removeDuplicates([1, 2, 2, 3, 3])).to.deep.equal([1, 2, 3]);",
                  "err": {},
                  "uuid": "042b26d7-01ce-4c26-bb52-c5e3079f94a5",
                  "parentUUID": "8ece5593-a9dd-4d97-adda-95bae002a8f2",
                  "isHook": false,
                  "skipped": false
                }
              ],
              "suites": [],
              "passes": [
                "042b26d7-01ce-4c26-bb52-c5e3079f94a5"
              ],
              "failures": [],
              "pending": [],
              "skipped": [],
              "duration": 1,
              "root": false,
              "rootEmpty": false,
              "_timeout": 2000
            },
            {
              "uuid": "62a8b3e2-b2ca-4c35-ab97-8c9fb3ced259",
              "title": "removeDuplicates - input validation",
              "fullFile": "C:\\Test_JS\\test\\arrayUtils.test.js",
              "file": "\\test\\arrayUtils.test.js",
              "beforeHooks": [],
              "afterHooks": [],
              "tests": [
                {
                  "title": "Throws error if input is not an array",
                  "fullTitle": "Array Utils removeDuplicates - input validation Throws error if input is not an array",
                  "timedOut": false,
                  "duration": 0,
                  "state": "passed",
                  "speed": "fast",
                  "pass": true,
                  "fail": false,
                  "pending": false,
                  "context": null,
                  "code": "expect(() => removeDuplicates('not an array')).to.throw('Input must be an array');",
                  "err": {},
                  "uuid": "840e2552-a56e-47f4-a7a8-67512f4c92ed",
                  "parentUUID": "62a8b3e2-b2ca-4c35-ab97-8c9fb3ced259",
                  "isHook": false,
                  "skipped": false
                }
              ],
              "suites": [],
              "passes": [
                "840e2552-a56e-47f4-a7a8-67512f4c92ed"
              ],
              "failures": [],
              "pending": [],
              "skipped": [],
              "duration": 0,
              "root": false,
              "rootEmpty": false,
              "_timeout": 2000
            },
            {
              "uuid": "de28ad28-eb64-47c4-b4e9-351977b1f45b",
              "title": "removeDuplicates - empty array",
              "fullFile": "C:\\Test_JS\\test\\arrayUtils.test.js",
              "file": "\\test\\arrayUtils.test.js",
              "beforeHooks": [],
              "afterHooks": [],
              "tests": [
                {
                  "title": "Works with empty array",
                  "fullTitle": "Array Utils removeDuplicates - empty array Works with empty array",
                  "timedOut": false,
                  "duration": 0,
                  "state": "passed",
                  "speed": "fast",
                  "pass": true,
                  "fail": false,
                  "pending": false,
                  "context": null,
                  "code": "expect(removeDuplicates([])).to.deep.equal([]);",
                  "err": {},
                  "uuid": "ff3c2b59-de96-4882-b490-2e525990cfc6",
                  "parentUUID": "de28ad28-eb64-47c4-b4e9-351977b1f45b",
                  "isHook": false,
                  "skipped": false
                }
              ],
              "suites": [],
              "passes": [
                "ff3c2b59-de96-4882-b490-2e525990cfc6"
              ],
              "failures": [],
              "pending": [],
              "skipped": [],
              "duration": 0,
              "root": false,
              "rootEmpty": false,
              "_timeout": 2000
            },
            {
              "uuid": "5e93f270-5bed-4b10-a4a2-d88e11d79f27",
              "title": "removeDuplicates - no duplicates",
              "fullFile": "C:\\Test_JS\\test\\arrayUtils.test.js",
              "file": "\\test\\arrayUtils.test.js",
              "beforeHooks": [],
              "afterHooks": [],
              "tests": [
                {
                  "title": "Works with array without duplicates",
                  "fullTitle": "Array Utils removeDuplicates - no duplicates Works with array without duplicates",
                  "timedOut": false,
                  "duration": 0,
                  "state": "passed",
                  "speed": "fast",
                  "pass": true,
                  "fail": false,
                  "pending": false,
                  "context": null,
                  "code": "expect(removeDuplicates([1, 2, 3])).to.deep.equal([1, 2, 3]);",
                  "err": {},
                  "uuid": "1b365154-ff2b-4544-9703-85bc5246033b",
                  "parentUUID": "5e93f270-5bed-4b10-a4a2-d88e11d79f27",
                  "isHook": false,
                  "skipped": false
                }
              ],
              "suites": [],
              "passes": [
                "1b365154-ff2b-4544-9703-85bc5246033b"
              ],
              "failures": [],
              "pending": [],
              "skipped": [],
              "duration": 0,
              "root": false,
              "rootEmpty": false,
              "_timeout": 2000
            }
          ],
          "passes": [],
          "failures": [],
          "pending": [],
          "skipped": [],
          "duration": 0,
          "root": false,
          "rootEmpty": false,
          "_timeout": 2000
        },
        {
          "uuid": "a68dd514-c73d-4438-a6ec-50bbce16ee54",
          "title": "Math Utils",
          "fullFile": "C:\\Test_JS\\test\\mathUtils.test.js",
          "file": "\\test\\mathUtils.test.js",
          "beforeHooks": [],
          "afterHooks": [],
          "tests": [],
          "suites": [
            {
              "uuid": "a8aced7b-a13f-4653-a293-5d3181a15562",
              "title": "add - positive numbers",
              "fullFile": "C:\\Test_JS\\test\\mathUtils.test.js",
              "file": "\\test\\mathUtils.test.js",
              "beforeHooks": [],
              "afterHooks": [],
              "tests": [
                {
                  "title": "Adds two positive numbers correctly",
                  "fullTitle": "Math Utils add - positive numbers Adds two positive numbers correctly",
                  "timedOut": false,
                  "duration": 0,
                  "state": "passed",
                  "speed": "fast",
                  "pass": true,
                  "fail": false,
                  "pending": false,
                  "context": null,
                  "code": "expect(add(2, 3)).to.equal(5);",
                  "err": {},
                  "uuid": "201898f6-6bf6-4777-b0bf-23e6d4d20c9b",
                  "parentUUID": "a8aced7b-a13f-4653-a293-5d3181a15562",
                  "isHook": false,
                  "skipped": false
                }
              ],
              "suites": [],
              "passes": [
                "201898f6-6bf6-4777-b0bf-23e6d4d20c9b"
              ],
              "failures": [],
              "pending": [],
              "skipped": [],
              "duration": 0,
              "root": false,
              "rootEmpty": false,
              "_timeout": 2000
            },
            {
              "uuid": "35966c1a-997d-40f3-8ba9-acc0c4e096ae",
              "title": "add - negative numbers",
              "fullFile": "C:\\Test_JS\\test\\mathUtils.test.js",
              "file": "\\test\\mathUtils.test.js",
              "beforeHooks": [],
              "afterHooks": [],
              "tests": [
                {
                  "title": "Adds negative numbers correctly",
                  "fullTitle": "Math Utils add - negative numbers Adds negative numbers correctly",
                  "timedOut": false,
                  "duration": 1,
                  "state": "passed",
                  "speed": "fast",
                  "pass": true,
                  "fail": false,
                  "pending": false,
                  "context": null,
                  "code": "expect(add(-2, -3)).to.equal(-5);",
                  "err": {},
                  "uuid": "03981271-e6f7-4d89-a219-99c2e8b8d7ee",
                  "parentUUID": "35966c1a-997d-40f3-8ba9-acc0c4e096ae",
                  "isHook": false,
                  "skipped": false
                }
              ],
              "suites": [],
              "passes": [
                "03981271-e6f7-4d89-a219-99c2e8b8d7ee"
              ],
              "failures": [],
              "pending": [],
              "skipped": [],
              "duration": 1,
              "root": false,
              "rootEmpty": false,
              "_timeout": 2000
            },
            {
              "uuid": "50c4a180-e401-4628-b32e-0b09c6c43eb5",
              "title": "add - mixed numbers",
              "fullFile": "C:\\Test_JS\\test\\mathUtils.test.js",
              "file": "\\test\\mathUtils.test.js",
              "beforeHooks": [],
              "afterHooks": [],
              "tests": [
                {
                  "title": "Adds a positive and negative number correctly",
                  "fullTitle": "Math Utils add - mixed numbers Adds a positive and negative number correctly",
                  "timedOut": false,
                  "duration": 0,
                  "state": "passed",
                  "speed": "fast",
                  "pass": true,
                  "fail": false,
                  "pending": false,
                  "context": null,
                  "code": "expect(add(2, -3)).to.equal(-1);",
                  "err": {},
                  "uuid": "418892ba-d92d-47a8-b194-e5172e1c4346",
                  "parentUUID": "50c4a180-e401-4628-b32e-0b09c6c43eb5",
                  "isHook": false,
                  "skipped": false
                }
              ],
              "suites": [],
              "passes": [
                "418892ba-d92d-47a8-b194-e5172e1c4346"
              ],
              "failures": [],
              "pending": [],
              "skipped": [],
              "duration": 0,
              "root": false,
              "rootEmpty": false,
              "_timeout": 2000
            },
            {
              "uuid": "92ce8aed-c5cf-4f2c-8874-82455ab70d2c",
              "title": "subtract - positive numbers",
              "fullFile": "C:\\Test_JS\\test\\mathUtils.test.js",
              "file": "\\test\\mathUtils.test.js",
              "beforeHooks": [],
              "afterHooks": [],
              "tests": [
                {
                  "title": "Subtracts two positive numbers correctly",
                  "fullTitle": "Math Utils subtract - positive numbers Subtracts two positive numbers correctly",
                  "timedOut": false,
                  "duration": 0,
                  "state": "passed",
                  "speed": "fast",
                  "pass": true,
                  "fail": false,
                  "pending": false,
                  "context": null,
                  "code": "expect(subtract(5, 3)).to.equal(2);",
                  "err": {},
                  "uuid": "1b21fb16-71dd-4384-ab7f-682710719173",
                  "parentUUID": "92ce8aed-c5cf-4f2c-8874-82455ab70d2c",
                  "isHook": false,
                  "skipped": false
                }
              ],
              "suites": [],
              "passes": [
                "1b21fb16-71dd-4384-ab7f-682710719173"
              ],
              "failures": [],
              "pending": [],
              "skipped": [],
              "duration": 0,
              "root": false,
              "rootEmpty": false,
              "_timeout": 2000
            },
            {
              "uuid": "fd7ae504-5f9e-4d51-aeb9-f9519fbd7d99",
              "title": "subtract - negative numbers",
              "fullFile": "C:\\Test_JS\\test\\mathUtils.test.js",
              "file": "\\test\\mathUtils.test.js",
              "beforeHooks": [],
              "afterHooks": [],
              "tests": [
                {
                  "title": "Subtracts negative numbers correctly",
                  "fullTitle": "Math Utils subtract - negative numbers Subtracts negative numbers correctly",
                  "timedOut": false,
                  "duration": 0,
                  "state": "passed",
                  "speed": "fast",
                  "pass": true,
                  "fail": false,
                  "pending": false,
                  "context": null,
                  "code": "expect(subtract(-5, -3)).to.equal(-2);",
                  "err": {},
                  "uuid": "b32aa1b7-1e6a-46f6-acd5-342a9ceed6e5",
                  "parentUUID": "fd7ae504-5f9e-4d51-aeb9-f9519fbd7d99",
                  "isHook": false,
                  "skipped": false
                }
              ],
              "suites": [],
              "passes": [
                "b32aa1b7-1e6a-46f6-acd5-342a9ceed6e5"
              ],
              "failures": [],
              "pending": [],
              "skipped": [],
              "duration": 0,
              "root": false,
              "rootEmpty": false,
              "_timeout": 2000
            },
            {
              "uuid": "4bac8f66-69fe-4dab-895d-9e53f6c234ae",
              "title": "subtract - mixed numbers",
              "fullFile": "C:\\Test_JS\\test\\mathUtils.test.js",
              "file": "\\test\\mathUtils.test.js",
              "beforeHooks": [],
              "afterHooks": [],
              "tests": [
                {
                  "title": "Subtracts a negative from a positive number correctly",
                  "fullTitle": "Math Utils subtract - mixed numbers Subtracts a negative from a positive number correctly",
                  "timedOut": false,
                  "duration": 0,
                  "state": "passed",
                  "speed": "fast",
                  "pass": true,
                  "fail": false,
                  "pending": false,
                  "context": null,
                  "code": "expect(subtract(5, -3)).to.equal(8);",
                  "err": {},
                  "uuid": "1eb90631-feb1-46ea-aae2-7063ed6d27ff",
                  "parentUUID": "4bac8f66-69fe-4dab-895d-9e53f6c234ae",
                  "isHook": false,
                  "skipped": false
                }
              ],
              "suites": [],
              "passes": [
                "1eb90631-feb1-46ea-aae2-7063ed6d27ff"
              ],
              "failures": [],
              "pending": [],
              "skipped": [],
              "duration": 0,
              "root": false,
              "rootEmpty": false,
              "_timeout": 2000
            },
            {
              "uuid": "a646ba77-8a41-4092-8313-292f88ceb480",
              "title": "multiply - positive numbers",
              "fullFile": "C:\\Test_JS\\test\\mathUtils.test.js",
              "file": "\\test\\mathUtils.test.js",
              "beforeHooks": [],
              "afterHooks": [],
              "tests": [
                {
                  "title": "Multiplies two positive numbers correctly",
                  "fullTitle": "Math Utils multiply - positive numbers Multiplies two positive numbers correctly",
                  "timedOut": false,
                  "duration": 0,
                  "state": "passed",
                  "speed": "fast",
                  "pass": true,
                  "fail": false,
                  "pending": false,
                  "context": null,
                  "code": "expect(multiply(2, 3)).to.equal(6);",
                  "err": {},
                  "uuid": "9b957a9e-d1ac-4db0-ac45-72f145cf8082",
                  "parentUUID": "a646ba77-8a41-4092-8313-292f88ceb480",
                  "isHook": false,
                  "skipped": false
                }
              ],
              "suites": [],
              "passes": [
                "9b957a9e-d1ac-4db0-ac45-72f145cf8082"
              ],
              "failures": [],
              "pending": [],
              "skipped": [],
              "duration": 0,
              "root": false,
              "rootEmpty": false,
              "_timeout": 2000
            },
            {
              "uuid": "ae8f1e66-649a-4f40-8b36-badde444c2ba",
              "title": "multiply - negative numbers",
              "fullFile": "C:\\Test_JS\\test\\mathUtils.test.js",
              "file": "\\test\\mathUtils.test.js",
              "beforeHooks": [],
              "afterHooks": [],
              "tests": [
                {
                  "title": "Multiplies two negative numbers correctly",
                  "fullTitle": "Math Utils multiply - negative numbers Multiplies two negative numbers correctly",
                  "timedOut": false,
                  "duration": 0,
                  "state": "passed",
                  "speed": "fast",
                  "pass": true,
                  "fail": false,
                  "pending": false,
                  "context": null,
                  "code": "expect(multiply(-2, -3)).to.equal(6);",
                  "err": {},
                  "uuid": "ca6207b5-e73b-4b18-816d-878a37db4445",
                  "parentUUID": "ae8f1e66-649a-4f40-8b36-badde444c2ba",
                  "isHook": false,
                  "skipped": false
                }
              ],
              "suites": [],
              "passes": [
                "ca6207b5-e73b-4b18-816d-878a37db4445"
              ],
              "failures": [],
              "pending": [],
              "skipped": [],
              "duration": 0,
              "root": false,
              "rootEmpty": false,
              "_timeout": 2000
            },
            {
              "uuid": "e962045c-4fd5-48e9-bf12-cc2096e92774",
              "title": "multiply - mixed numbers",
              "fullFile": "C:\\Test_JS\\test\\mathUtils.test.js",
              "file": "\\test\\mathUtils.test.js",
              "beforeHooks": [],
              "afterHooks": [],
              "tests": [
                {
                  "title": "Multiplies a positive and negative number correctly",
                  "fullTitle": "Math Utils multiply - mixed numbers Multiplies a positive and negative number correctly",
                  "timedOut": false,
                  "duration": 0,
                  "state": "passed",
                  "speed": "fast",
                  "pass": true,
                  "fail": false,
                  "pending": false,
                  "context": null,
                  "code": "expect(multiply(2, -3)).to.equal(-6);",
                  "err": {},
                  "uuid": "cba03e24-8e17-4ffe-9ecd-dbf68c914de8",
                  "parentUUID": "e962045c-4fd5-48e9-bf12-cc2096e92774",
                  "isHook": false,
                  "skipped": false
                }
              ],
              "suites": [],
              "passes": [
                "cba03e24-8e17-4ffe-9ecd-dbf68c914de8"
              ],
              "failures": [],
              "pending": [],
              "skipped": [],
              "duration": 0,
              "root": false,
              "rootEmpty": false,
              "_timeout": 2000
            },
            {
              "uuid": "fa00cc0c-3734-43c1-b8b9-930dc57ed8fb",
              "title": "divide - positive numbers",
              "fullFile": "C:\\Test_JS\\test\\mathUtils.test.js",
              "file": "\\test\\mathUtils.test.js",
              "beforeHooks": [],
              "afterHooks": [],
              "tests": [
                {
                  "title": "Divides two positive numbers correctly",
                  "fullTitle": "Math Utils divide - positive numbers Divides two positive numbers correctly",
                  "timedOut": false,
                  "duration": 0,
                  "state": "passed",
                  "speed": "fast",
                  "pass": true,
                  "fail": false,
                  "pending": false,
                  "context": null,
                  "code": "expect(divide(6, 3)).to.equal(2);",
                  "err": {},
                  "uuid": "fb83ce08-ed2e-400b-a2c6-196a4f6f953b",
                  "parentUUID": "fa00cc0c-3734-43c1-b8b9-930dc57ed8fb",
                  "isHook": false,
                  "skipped": false
                }
              ],
              "suites": [],
              "passes": [
                "fb83ce08-ed2e-400b-a2c6-196a4f6f953b"
              ],
              "failures": [],
              "pending": [],
              "skipped": [],
              "duration": 0,
              "root": false,
              "rootEmpty": false,
              "_timeout": 2000
            },
            {
              "uuid": "81845511-d780-4d20-ae50-a1b78aa2f74d",
              "title": "divide - negative numbers",
              "fullFile": "C:\\Test_JS\\test\\mathUtils.test.js",
              "file": "\\test\\mathUtils.test.js",
              "beforeHooks": [],
              "afterHooks": [],
              "tests": [
                {
                  "title": "Divides two negative numbers correctly",
                  "fullTitle": "Math Utils divide - negative numbers Divides two negative numbers correctly",
                  "timedOut": false,
                  "duration": 0,
                  "state": "passed",
                  "speed": "fast",
                  "pass": true,
                  "fail": false,
                  "pending": false,
                  "context": null,
                  "code": "expect(divide(-6, -3)).to.equal(2);",
                  "err": {},
                  "uuid": "bb414379-5968-4710-8569-601e915367af",
                  "parentUUID": "81845511-d780-4d20-ae50-a1b78aa2f74d",
                  "isHook": false,
                  "skipped": false
                }
              ],
              "suites": [],
              "passes": [
                "bb414379-5968-4710-8569-601e915367af"
              ],
              "failures": [],
              "pending": [],
              "skipped": [],
              "duration": 0,
              "root": false,
              "rootEmpty": false,
              "_timeout": 2000
            },
            {
              "uuid": "db8921e4-b282-4c3f-87c7-ca1b76bb1d9f",
              "title": "divide - mixed numbers",
              "fullFile": "C:\\Test_JS\\test\\mathUtils.test.js",
              "file": "\\test\\mathUtils.test.js",
              "beforeHooks": [],
              "afterHooks": [],
              "tests": [
                {
                  "title": "Divides a positive by a negative number correctly",
                  "fullTitle": "Math Utils divide - mixed numbers Divides a positive by a negative number correctly",
                  "timedOut": false,
                  "duration": 0,
                  "state": "passed",
                  "speed": "fast",
                  "pass": true,
                  "fail": false,
                  "pending": false,
                  "context": null,
                  "code": "expect(divide(6, -3)).to.equal(-2);",
                  "err": {},
                  "uuid": "7ac94bca-a55d-4afc-9f31-b6fdc76ca366",
                  "parentUUID": "db8921e4-b282-4c3f-87c7-ca1b76bb1d9f",
                  "isHook": false,
                  "skipped": false
                }
              ],
              "suites": [],
              "passes": [
                "7ac94bca-a55d-4afc-9f31-b6fdc76ca366"
              ],
              "failures": [],
              "pending": [],
              "skipped": [],
              "duration": 0,
              "root": false,
              "rootEmpty": false,
              "_timeout": 2000
            },
            {
              "uuid": "bd1d6493-47ba-47d6-bc7b-ef24020c3394",
              "title": "divide - division by zero",
              "fullFile": "C:\\Test_JS\\test\\mathUtils.test.js",
              "file": "\\test\\mathUtils.test.js",
              "beforeHooks": [],
              "afterHooks": [],
              "tests": [
                {
                  "title": "Throws an error when dividing by zero",
                  "fullTitle": "Math Utils divide - division by zero Throws an error when dividing by zero",
                  "timedOut": false,
                  "duration": 0,
                  "state": "passed",
                  "speed": "fast",
                  "pass": true,
                  "fail": false,
                  "pending": false,
                  "context": null,
                  "code": "expect(() => divide(6, 0)).to.throw('Cannot divide by zero');",
                  "err": {},
                  "uuid": "205dccaa-ce45-46ac-8d80-6d20e91c0c63",
                  "parentUUID": "bd1d6493-47ba-47d6-bc7b-ef24020c3394",
                  "isHook": false,
                  "skipped": false
                }
              ],
              "suites": [],
              "passes": [
                "205dccaa-ce45-46ac-8d80-6d20e91c0c63"
              ],
              "failures": [],
              "pending": [],
              "skipped": [],
              "duration": 0,
              "root": false,
              "rootEmpty": false,
              "_timeout": 2000
            }
          ],
          "passes": [],
          "failures": [],
          "pending": [],
          "skipped": [],
          "duration": 0,
          "root": false,
          "rootEmpty": false,
          "_timeout": 2000
        },
        {
          "uuid": "16fcdfc3-e66b-4572-91ed-f4876ae32545",
          "title": "String Utils",
          "fullFile": "C:\\Test_JS\\test\\stringUtils.test.js",
          "file": "\\test\\stringUtils.test.js",
          "beforeHooks": [],
          "afterHooks": [],
          "tests": [],
          "suites": [
            {
              "uuid": "9ca9a13c-45f4-41a8-a29d-c05ff10ed4c1",
              "title": "capitalize - normal case",
              "fullFile": "C:\\Test_JS\\test\\stringUtils.test.js",
              "file": "\\test\\stringUtils.test.js",
              "beforeHooks": [],
              "afterHooks": [],
              "tests": [
                {
                  "title": "Makes the first letter of the string uppercase",
                  "fullTitle": "String Utils capitalize - normal case Makes the first letter of the string uppercase",
                  "timedOut": false,
                  "duration": 0,
                  "state": "passed",
                  "speed": "fast",
                  "pass": true,
                  "fail": false,
                  "pending": false,
                  "context": null,
                  "code": "expect(capitalize('hello')).to.equal('Hello');",
                  "err": {},
                  "uuid": "8bad454f-2531-46ef-bbba-a229c71fa1e3",
                  "parentUUID": "9ca9a13c-45f4-41a8-a29d-c05ff10ed4c1",
                  "isHook": false,
                  "skipped": false
                }
              ],
              "suites": [],
              "passes": [
                "8bad454f-2531-46ef-bbba-a229c71fa1e3"
              ],
              "failures": [],
              "pending": [],
              "skipped": [],
              "duration": 0,
              "root": false,
              "rootEmpty": false,
              "_timeout": 2000
            },
            {
              "uuid": "f9b66460-6c61-4c0d-b312-0b7ac5d85218",
              "title": "capitalize - input validation",
              "fullFile": "C:\\Test_JS\\test\\stringUtils.test.js",
              "file": "\\test\\stringUtils.test.js",
              "beforeHooks": [],
              "afterHooks": [],
              "tests": [
                {
                  "title": "Throws error if input is not a string",
                  "fullTitle": "String Utils capitalize - input validation Throws error if input is not a string",
                  "timedOut": false,
                  "duration": 0,
                  "state": "passed",
                  "speed": "fast",
                  "pass": true,
                  "fail": false,
                  "pending": false,
                  "context": null,
                  "code": "expect(() => capitalize(123)).to.throw('Input must be a string');",
                  "err": {},
                  "uuid": "b710a613-c1ee-435f-a0f7-4c9c06e8da4f",
                  "parentUUID": "f9b66460-6c61-4c0d-b312-0b7ac5d85218",
                  "isHook": false,
                  "skipped": false
                }
              ],
              "suites": [],
              "passes": [
                "b710a613-c1ee-435f-a0f7-4c9c06e8da4f"
              ],
              "failures": [],
              "pending": [],
              "skipped": [],
              "duration": 0,
              "root": false,
              "rootEmpty": false,
              "_timeout": 2000
            },
            {
              "uuid": "19f495f4-bdde-4391-9388-fa40e1a4806f",
              "title": "capitalize - empty string",
              "fullFile": "C:\\Test_JS\\test\\stringUtils.test.js",
              "file": "\\test\\stringUtils.test.js",
              "beforeHooks": [],
              "afterHooks": [],
              "tests": [
                {
                  "title": "Works with empty string",
                  "fullTitle": "String Utils capitalize - empty string Works with empty string",
                  "timedOut": false,
                  "duration": 1,
                  "state": "passed",
                  "speed": "fast",
                  "pass": true,
                  "fail": false,
                  "pending": false,
                  "context": null,
                  "code": "expect(capitalize('')).to.equal('');",
                  "err": {},
                  "uuid": "8273ffb6-0dd9-486f-95be-bfe736c782f8",
                  "parentUUID": "19f495f4-bdde-4391-9388-fa40e1a4806f",
                  "isHook": false,
                  "skipped": false
                }
              ],
              "suites": [],
              "passes": [
                "8273ffb6-0dd9-486f-95be-bfe736c782f8"
              ],
              "failures": [],
              "pending": [],
              "skipped": [],
              "duration": 1,
              "root": false,
              "rootEmpty": false,
              "_timeout": 2000
            },
            {
              "uuid": "dcfb7880-93b4-46d1-8e0b-d83291029210",
              "title": "capitalize - single letter",
              "fullFile": "C:\\Test_JS\\test\\stringUtils.test.js",
              "file": "\\test\\stringUtils.test.js",
              "beforeHooks": [],
              "afterHooks": [],
              "tests": [
                {
                  "title": "Works with single letter",
                  "fullTitle": "String Utils capitalize - single letter Works with single letter",
                  "timedOut": false,
                  "duration": 0,
                  "state": "passed",
                  "speed": "fast",
                  "pass": true,
                  "fail": false,
                  "pending": false,
                  "context": null,
                  "code": "expect(capitalize('a')).to.equal('A');",
                  "err": {},
                  "uuid": "9b6f1077-05ba-43d6-be26-f87d5df3ac38",
                  "parentUUID": "dcfb7880-93b4-46d1-8e0b-d83291029210",
                  "isHook": false,
                  "skipped": false
                }
              ],
              "suites": [],
              "passes": [
                "9b6f1077-05ba-43d6-be26-f87d5df3ac38"
              ],
              "failures": [],
              "pending": [],
              "skipped": [],
              "duration": 0,
              "root": false,
              "rootEmpty": false,
              "_timeout": 2000
            },
            {
              "uuid": "59385201-90d2-4a74-9a8f-e7f2dfecf893",
              "title": "reverseString - normal case",
              "fullFile": "C:\\Test_JS\\test\\stringUtils.test.js",
              "file": "\\test\\stringUtils.test.js",
              "beforeHooks": [],
              "afterHooks": [],
              "tests": [
                {
                  "title": "Reverses the string",
                  "fullTitle": "String Utils reverseString - normal case Reverses the string",
                  "timedOut": false,
                  "duration": 0,
                  "state": "passed",
                  "speed": "fast",
                  "pass": true,
                  "fail": false,
                  "pending": false,
                  "context": null,
                  "code": "expect(reverseString('hello')).to.equal('olleh');",
                  "err": {},
                  "uuid": "6e625f2d-ad56-4b6e-ba77-01d8d116a566",
                  "parentUUID": "59385201-90d2-4a74-9a8f-e7f2dfecf893",
                  "isHook": false,
                  "skipped": false
                }
              ],
              "suites": [],
              "passes": [
                "6e625f2d-ad56-4b6e-ba77-01d8d116a566"
              ],
              "failures": [],
              "pending": [],
              "skipped": [],
              "duration": 0,
              "root": false,
              "rootEmpty": false,
              "_timeout": 2000
            },
            {
              "uuid": "249e593c-8c89-485b-bf78-84c8734d19da",
              "title": "reverseString - input validation",
              "fullFile": "C:\\Test_JS\\test\\stringUtils.test.js",
              "file": "\\test\\stringUtils.test.js",
              "beforeHooks": [],
              "afterHooks": [],
              "tests": [
                {
                  "title": "Throws error if input is not a string",
                  "fullTitle": "String Utils reverseString - input validation Throws error if input is not a string",
                  "timedOut": false,
                  "duration": 1,
                  "state": "passed",
                  "speed": "fast",
                  "pass": true,
                  "fail": false,
                  "pending": false,
                  "context": null,
                  "code": "expect(() => reverseString(123)).to.throw('Input must be a string');",
                  "err": {},
                  "uuid": "6e15414d-2c76-4e0e-a856-d3aaf9a8a792",
                  "parentUUID": "249e593c-8c89-485b-bf78-84c8734d19da",
                  "isHook": false,
                  "skipped": false
                }
              ],
              "suites": [],
              "passes": [
                "6e15414d-2c76-4e0e-a856-d3aaf9a8a792"
              ],
              "failures": [],
              "pending": [],
              "skipped": [],
              "duration": 1,
              "root": false,
              "rootEmpty": false,
              "_timeout": 2000
            },
            {
              "uuid": "41944e1d-7899-4c1d-b952-45493be32670",
              "title": "reverseString - empty string",
              "fullFile": "C:\\Test_JS\\test\\stringUtils.test.js",
              "file": "\\test\\stringUtils.test.js",
              "beforeHooks": [],
              "afterHooks": [],
              "tests": [
                {
                  "title": "Works with empty string",
                  "fullTitle": "String Utils reverseString - empty string Works with empty string",
                  "timedOut": false,
                  "duration": 0,
                  "state": "passed",
                  "speed": "fast",
                  "pass": true,
                  "fail": false,
                  "pending": false,
                  "context": null,
                  "code": "expect(reverseString('')).to.equal('');",
                  "err": {},
                  "uuid": "577b42fd-fc16-46e7-98aa-edeef485c1d7",
                  "parentUUID": "41944e1d-7899-4c1d-b952-45493be32670",
                  "isHook": false,
                  "skipped": false
                }
              ],
              "suites": [],
              "passes": [
                "577b42fd-fc16-46e7-98aa-edeef485c1d7"
              ],
              "failures": [],
              "pending": [],
              "skipped": [],
              "duration": 0,
              "root": false,
              "rootEmpty": false,
              "_timeout": 2000
            },
            {
              "uuid": "afe1553e-2ad7-445d-996f-9a27f23069b3",
              "title": "reverseString - palindrome",
              "fullFile": "C:\\Test_JS\\test\\stringUtils.test.js",
              "file": "\\test\\stringUtils.test.js",
              "beforeHooks": [],
              "afterHooks": [],
              "tests": [
                {
                  "title": "Works with palindrome",
                  "fullTitle": "String Utils reverseString - palindrome Works with palindrome",
                  "timedOut": false,
                  "duration": 0,
                  "state": "passed",
                  "speed": "fast",
                  "pass": true,
                  "fail": false,
                  "pending": false,
                  "context": null,
                  "code": "expect(reverseString('level')).to.equal('level');",
                  "err": {},
                  "uuid": "fc107f10-fe04-46c2-b8bd-ad5cd7751ce9",
                  "parentUUID": "afe1553e-2ad7-445d-996f-9a27f23069b3",
                  "isHook": false,
                  "skipped": false
                }
              ],
              "suites": [],
              "passes": [
                "fc107f10-fe04-46c2-b8bd-ad5cd7751ce9"
              ],
              "failures": [],
              "pending": [],
              "skipped": [],
              "duration": 0,
              "root": false,
              "rootEmpty": false,
              "_timeout": 2000
            },
            {
              "uuid": "bb8400d7-2abc-45bd-9549-9d0c5a90b0ec",
              "title": "isPalindrome - true case",
              "fullFile": "C:\\Test_JS\\test\\stringUtils.test.js",
              "file": "\\test\\stringUtils.test.js",
              "beforeHooks": [],
              "afterHooks": [],
              "tests": [
                {
                  "title": "Checks if string is a palindrome - true case",
                  "fullTitle": "String Utils isPalindrome - true case Checks if string is a palindrome - true case",
                  "timedOut": false,
                  "duration": 0,
                  "state": "passed",
                  "speed": "fast",
                  "pass": true,
                  "fail": false,
                  "pending": false,
                  "context": null,
                  "code": "expect(isPalindrome('level')).to.equal(true);",
                  "err": {},
                  "uuid": "ac2f4268-b541-4033-8a3a-e10f3230809f",
                  "parentUUID": "bb8400d7-2abc-45bd-9549-9d0c5a90b0ec",
                  "isHook": false,
                  "skipped": false
                }
              ],
              "suites": [],
              "passes": [
                "ac2f4268-b541-4033-8a3a-e10f3230809f"
              ],
              "failures": [],
              "pending": [],
              "skipped": [],
              "duration": 0,
              "root": false,
              "rootEmpty": false,
              "_timeout": 2000
            },
            {
              "uuid": "682b48bc-5e97-434b-a159-ca2c3659ba6c",
              "title": "isPalindrome - false case",
              "fullFile": "C:\\Test_JS\\test\\stringUtils.test.js",
              "file": "\\test\\stringUtils.test.js",
              "beforeHooks": [],
              "afterHooks": [],
              "tests": [
                {
                  "title": "Checks if string is a palindrome - false case",
                  "fullTitle": "String Utils isPalindrome - false case Checks if string is a palindrome - false case",
                  "timedOut": false,
                  "duration": 0,
                  "state": "passed",
                  "speed": "fast",
                  "pass": true,
                  "fail": false,
                  "pending": false,
                  "context": null,
                  "code": "expect(isPalindrome('hello')).to.equal(false);",
                  "err": {},
                  "uuid": "ece67f01-c594-40a5-9482-69b80620b866",
                  "parentUUID": "682b48bc-5e97-434b-a159-ca2c3659ba6c",
                  "isHook": false,
                  "skipped": false
                }
              ],
              "suites": [],
              "passes": [
                "ece67f01-c594-40a5-9482-69b80620b866"
              ],
              "failures": [],
              "pending": [],
              "skipped": [],
              "duration": 0,
              "root": false,
              "rootEmpty": false,
              "_timeout": 2000
            },
            {
              "uuid": "38fc861a-0a33-485b-955c-73a1d896e845",
              "title": "isPalindrome - input validation",
              "fullFile": "C:\\Test_JS\\test\\stringUtils.test.js",
              "file": "\\test\\stringUtils.test.js",
              "beforeHooks": [],
              "afterHooks": [],
              "tests": [
                {
                  "title": "Throws error if input is not a string",
                  "fullTitle": "String Utils isPalindrome - input validation Throws error if input is not a string",
                  "timedOut": false,
                  "duration": 1,
                  "state": "passed",
                  "speed": "fast",
                  "pass": true,
                  "fail": false,
                  "pending": false,
                  "context": null,
                  "code": "expect(() => isPalindrome(123)).to.throw('Input must be a string');",
                  "err": {},
                  "uuid": "a8c02459-2b95-48ed-a4d8-821d3065eb10",
                  "parentUUID": "38fc861a-0a33-485b-955c-73a1d896e845",
                  "isHook": false,
                  "skipped": false
                }
              ],
              "suites": [],
              "passes": [
                "a8c02459-2b95-48ed-a4d8-821d3065eb10"
              ],
              "failures": [],
              "pending": [],
              "skipped": [],
              "duration": 1,
              "root": false,
              "rootEmpty": false,
              "_timeout": 2000
            },
            {
              "uuid": "dc6b4b7e-72f0-463d-a993-e6513e3844ae",
              "title": "isPalindrome - empty string",
              "fullFile": "C:\\Test_JS\\test\\stringUtils.test.js",
              "file": "\\test\\stringUtils.test.js",
              "beforeHooks": [],
              "afterHooks": [],
              "tests": [
                {
                  "title": "Works with empty string",
                  "fullTitle": "String Utils isPalindrome - empty string Works with empty string",
                  "timedOut": false,
                  "duration": 0,
                  "state": "passed",
                  "speed": "fast",
                  "pass": true,
                  "fail": false,
                  "pending": false,
                  "context": null,
                  "code": "expect(isPalindrome('')).to.equal(true);",
                  "err": {},
                  "uuid": "d6e98171-85df-4b7e-be24-fc5f74589a06",
                  "parentUUID": "dc6b4b7e-72f0-463d-a993-e6513e3844ae",
                  "isHook": false,
                  "skipped": false
                }
              ],
              "suites": [],
              "passes": [
                "d6e98171-85df-4b7e-be24-fc5f74589a06"
              ],
              "failures": [],
              "pending": [],
              "skipped": [],
              "duration": 0,
              "root": false,
              "rootEmpty": false,
              "_timeout": 2000
            },
            {
              "uuid": "e4d50c8d-4541-4026-bda1-8c79b224a4d5",
              "title": "isPalindrome - single letter",
              "fullFile": "C:\\Test_JS\\test\\stringUtils.test.js",
              "file": "\\test\\stringUtils.test.js",
              "beforeHooks": [],
              "afterHooks": [],
              "tests": [
                {
                  "title": "Works with single letter",
                  "fullTitle": "String Utils isPalindrome - single letter Works with single letter",
                  "timedOut": false,
                  "duration": 0,
                  "state": "passed",
                  "speed": "fast",
                  "pass": true,
                  "fail": false,
                  "pending": false,
                  "context": null,
                  "code": "expect(isPalindrome('a')).to.equal(true);",
                  "err": {},
                  "uuid": "7eae7c93-685c-4071-a614-709175636b7b",
                  "parentUUID": "e4d50c8d-4541-4026-bda1-8c79b224a4d5",
                  "isHook": false,
                  "skipped": false
                }
              ],
              "suites": [],
              "passes": [
                "7eae7c93-685c-4071-a614-709175636b7b"
              ],
              "failures": [],
              "pending": [],
              "skipped": [],
              "duration": 0,
              "root": false,
              "rootEmpty": false,
              "_timeout": 2000
            }
          ],
          "passes": [],
          "failures": [],
          "pending": [],
          "skipped": [],
          "duration": 0,
          "root": false,
          "rootEmpty": false,
          "_timeout": 2000
        },
        {
          "uuid": "82cbb7c8-6ecd-4937-8774-203f37793232",
          "title": "Student Knowledge Checker",
          "fullFile": "C:\\Test_JS\\test\\studentKnowledgeChecker.test.js",
          "file": "\\test\\studentKnowledgeChecker.test.js",
          "beforeHooks": [],
          "afterHooks": [],
          "tests": [],
          "suites": [
            {
              "uuid": "c3baa3a7-adef-47a7-a08e-836c8efa066f",
              "title": "checkStudentKnowledge - all answers correct",
              "fullFile": "C:\\Test_JS\\test\\studentKnowledgeChecker.test.js",
              "file": "\\test\\studentKnowledgeChecker.test.js",
              "beforeHooks": [],
              "afterHooks": [],
              "tests": [
                {
                  "title": "Returns true if all answers are correct",
                  "fullTitle": "Student Knowledge Checker checkStudentKnowledge - all answers correct Returns true if all answers are correct",
                  "timedOut": false,
                  "duration": 0,
                  "state": "passed",
                  "speed": "fast",
                  "pass": true,
                  "fail": false,
                  "pending": false,
                  "context": null,
                  "code": "const studentAnswers = {\n  question1: 'answer1',\n  question2: 'answer2',\n};\nconst correctAnswers = {\n  question1: 'answer1',\n  question2: 'answer2',\n};\nexpect(checkStudentKnowledge(studentAnswers, correctAnswers)).to.equal(true);",
                  "err": {},
                  "uuid": "b2a84fc7-43aa-47b0-963e-e3d5e00bfc8c",
                  "parentUUID": "c3baa3a7-adef-47a7-a08e-836c8efa066f",
                  "isHook": false,
                  "skipped": false
                }
              ],
              "suites": [],
              "passes": [
                "b2a84fc7-43aa-47b0-963e-e3d5e00bfc8c"
              ],
              "failures": [],
              "pending": [],
              "skipped": [],
              "duration": 0,
              "root": false,
              "rootEmpty": false,
              "_timeout": 2000
            },
            {
              "uuid": "283658b6-7753-439a-b363-17e0fbf3feaa",
              "title": "checkStudentKnowledge - incorrect answer value",
              "fullFile": "C:\\Test_JS\\test\\studentKnowledgeChecker.test.js",
              "file": "\\test\\studentKnowledgeChecker.test.js",
              "beforeHooks": [],
              "afterHooks": [],
              "tests": [
                {
                  "title": "Returns false if answer value is incorrect",
                  "fullTitle": "Student Knowledge Checker checkStudentKnowledge - incorrect answer value Returns false if answer value is incorrect",
                  "timedOut": false,
                  "duration": 0,
                  "state": "passed",
                  "speed": "fast",
                  "pass": true,
                  "fail": false,
                  "pending": false,
                  "context": null,
                  "code": "const studentAnswers = {\n  question1: 'answer1',\n  question2: 'wrong',\n};\nconst correctAnswers = {\n  question1: 'answer1',\n  question2: 'answer2',\n};\nexpect(checkStudentKnowledge(studentAnswers, correctAnswers)).to.equal(false);",
                  "err": {},
                  "uuid": "3cb271e6-b2b7-487c-b5db-6fa62e78cd59",
                  "parentUUID": "283658b6-7753-439a-b363-17e0fbf3feaa",
                  "isHook": false,
                  "skipped": false
                }
              ],
              "suites": [],
              "passes": [
                "3cb271e6-b2b7-487c-b5db-6fa62e78cd59"
              ],
              "failures": [],
              "pending": [],
              "skipped": [],
              "duration": 0,
              "root": false,
              "rootEmpty": false,
              "_timeout": 2000
            },
            {
              "uuid": "f7304d16-0248-4211-a317-d4593d63b463",
              "title": "checkStudentKnowledge - different number of answers",
              "fullFile": "C:\\Test_JS\\test\\studentKnowledgeChecker.test.js",
              "file": "\\test\\studentKnowledgeChecker.test.js",
              "beforeHooks": [],
              "afterHooks": [],
              "tests": [
                {
                  "title": "Returns false if number of answers doesn't match",
                  "fullTitle": "Student Knowledge Checker checkStudentKnowledge - different number of answers Returns false if number of answers doesn't match",
                  "timedOut": false,
                  "duration": 1,
                  "state": "passed",
                  "speed": "fast",
                  "pass": true,
                  "fail": false,
                  "pending": false,
                  "context": null,
                  "code": "const studentAnswers = {\n  question1: 'answer1',\n};\nconst correctAnswers = {\n  question1: 'answer1',\n  question2: 'answer2',\n};\nexpect(checkStudentKnowledge(studentAnswers, correctAnswers)).to.equal(false);",
                  "err": {},
                  "uuid": "a70a74f6-99de-4efc-a5e9-bcc106d5141f",
                  "parentUUID": "f7304d16-0248-4211-a317-d4593d63b463",
                  "isHook": false,
                  "skipped": false
                }
              ],
              "suites": [],
              "passes": [
                "a70a74f6-99de-4efc-a5e9-bcc106d5141f"
              ],
              "failures": [],
              "pending": [],
              "skipped": [],
              "duration": 1,
              "root": false,
              "rootEmpty": false,
              "_timeout": 2000
            },
            {
              "uuid": "3fe34078-c4c2-43a3-aa1b-8512d417983d",
              "title": "checkStudentKnowledge - different question keys",
              "fullFile": "C:\\Test_JS\\test\\studentKnowledgeChecker.test.js",
              "file": "\\test\\studentKnowledgeChecker.test.js",
              "beforeHooks": [],
              "afterHooks": [],
              "tests": [
                {
                  "title": "Returns false if question keys don't match",
                  "fullTitle": "Student Knowledge Checker checkStudentKnowledge - different question keys Returns false if question keys don't match",
                  "timedOut": false,
                  "duration": 0,
                  "state": "passed",
                  "speed": "fast",
                  "pass": true,
                  "fail": false,
                  "pending": false,
                  "context": null,
                  "code": "const studentAnswers = {\n  question1: 'answer1',\n  wrongKey: 'answer2',\n};\nconst correctAnswers = {\n  question1: 'answer1',\n  question2: 'answer2',\n};\nexpect(checkStudentKnowledge(studentAnswers, correctAnswers)).to.equal(false);",
                  "err": {},
                  "uuid": "58836f6b-cfb8-44f3-9cf9-a000365548eb",
                  "parentUUID": "3fe34078-c4c2-43a3-aa1b-8512d417983d",
                  "isHook": false,
                  "skipped": false
                }
              ],
              "suites": [],
              "passes": [
                "58836f6b-cfb8-44f3-9cf9-a000365548eb"
              ],
              "failures": [],
              "pending": [],
              "skipped": [],
              "duration": 0,
              "root": false,
              "rootEmpty": false,
              "_timeout": 2000
            },
            {
              "uuid": "62c74573-f8d2-4c66-ab14-d5a1f69c7a60",
              "title": "checkStudentKnowledge - empty objects",
              "fullFile": "C:\\Test_JS\\test\\studentKnowledgeChecker.test.js",
              "file": "\\test\\studentKnowledgeChecker.test.js",
              "beforeHooks": [],
              "afterHooks": [],
              "tests": [
                {
                  "title": "Works with empty objects",
                  "fullTitle": "Student Knowledge Checker checkStudentKnowledge - empty objects Works with empty objects",
                  "timedOut": false,
                  "duration": 0,
                  "state": "passed",
                  "speed": "fast",
                  "pass": true,
                  "fail": false,
                  "pending": false,
                  "context": null,
                  "code": "expect(checkStudentKnowledge({}, {})).to.equal(true);",
                  "err": {},
                  "uuid": "8309d445-c858-471a-b042-a6b660fab425",
                  "parentUUID": "62c74573-f8d2-4c66-ab14-d5a1f69c7a60",
                  "isHook": false,
                  "skipped": false
                }
              ],
              "suites": [],
              "passes": [
                "8309d445-c858-471a-b042-a6b660fab425"
              ],
              "failures": [],
              "pending": [],
              "skipped": [],
              "duration": 0,
              "root": false,
              "rootEmpty": false,
              "_timeout": 2000
            }
          ],
          "passes": [],
          "failures": [],
          "pending": [],
          "skipped": [],
          "duration": 0,
          "root": false,
          "rootEmpty": false,
          "_timeout": 2000
        },
        {
          "uuid": "9649e23b-b08b-4f1a-b83f-aed3003d554e",
          "title": "Users List Utils",
          "fullFile": "C:\\Test_JS\\test\\usersListUtils.test.js",
          "file": "\\test\\usersListUtils.test.js",
          "beforeHooks": [],
          "afterHooks": [],
          "tests": [],
          "suites": [
            {
              "uuid": "430aae42-0d8d-4bd9-a4c1-d3057930a948",
              "title": "filterUsersByAge - normal case",
              "fullFile": "C:\\Test_JS\\test\\usersListUtils.test.js",
              "file": "\\test\\usersListUtils.test.js",
              "beforeHooks": [],
              "afterHooks": [],
              "tests": [
                {
                  "title": "Filters users by age",
                  "fullTitle": "Users List Utils filterUsersByAge - normal case Filters users by age",
                  "timedOut": false,
                  "duration": 1,
                  "state": "passed",
                  "speed": "fast",
                  "pass": true,
                  "fail": false,
                  "pending": false,
                  "context": null,
                  "code": "const result = filterUsersByAge(users, 25, 30);\nexpect(result).to.deep.equal([\n  { id: 1, name: 'John', age: 25, email: 'john@example.com' },\n  { id: 2, name: 'Anna', age: 30, email: 'anna@example.com' },\n]);",
                  "err": {},
                  "uuid": "b386bc3a-a72a-43d9-9c16-a1e1681279d3",
                  "parentUUID": "430aae42-0d8d-4bd9-a4c1-d3057930a948",
                  "isHook": false,
                  "skipped": false
                }
              ],
              "suites": [],
              "passes": [
                "b386bc3a-a72a-43d9-9c16-a1e1681279d3"
              ],
              "failures": [],
              "pending": [],
              "skipped": [],
              "duration": 1,
              "root": false,
              "rootEmpty": false,
              "_timeout": 2000
            },
            {
              "uuid": "00f9a99f-9075-4156-a467-a10347f66ca1",
              "title": "filterUsersByAge - no matches",
              "fullFile": "C:\\Test_JS\\test\\usersListUtils.test.js",
              "file": "\\test\\usersListUtils.test.js",
              "beforeHooks": [],
              "afterHooks": [],
              "tests": [
                {
                  "title": "Returns empty array when no users match age range",
                  "fullTitle": "Users List Utils filterUsersByAge - no matches Returns empty array when no users match age range",
                  "timedOut": false,
                  "duration": 0,
                  "state": "passed",
                  "speed": "fast",
                  "pass": true,
                  "fail": false,
                  "pending": false,
                  "context": null,
                  "code": "const result = filterUsersByAge(users, 40, 50);\nexpect(result).to.deep.equal([]);",
                  "err": {},
                  "uuid": "90a10e42-4acc-43b4-a3cc-6e0b21dcbe55",
                  "parentUUID": "00f9a99f-9075-4156-a467-a10347f66ca1",
                  "isHook": false,
                  "skipped": false
                }
              ],
              "suites": [],
              "passes": [
                "90a10e42-4acc-43b4-a3cc-6e0b21dcbe55"
              ],
              "failures": [],
              "pending": [],
              "skipped": [],
              "duration": 0,
              "root": false,
              "rootEmpty": false,
              "_timeout": 2000
            },
            {
              "uuid": "07b60d88-a68c-4d1f-90fc-6b9751dc7288",
              "title": "filterUsersByAge - input validation",
              "fullFile": "C:\\Test_JS\\test\\usersListUtils.test.js",
              "file": "\\test\\usersListUtils.test.js",
              "beforeHooks": [],
              "afterHooks": [],
              "tests": [
                {
                  "title": "Throws error if users is not an array",
                  "fullTitle": "Users List Utils filterUsersByAge - input validation Throws error if users is not an array",
                  "timedOut": false,
                  "duration": 0,
                  "state": "passed",
                  "speed": "fast",
                  "pass": true,
                  "fail": false,
                  "pending": false,
                  "context": null,
                  "code": "expect(() => filterUsersByAge('not an array', 25, 30)).to.throw('Users must be an array');",
                  "err": {},
                  "uuid": "21b48048-da6a-4338-94fe-b3d8309afdb9",
                  "parentUUID": "07b60d88-a68c-4d1f-90fc-6b9751dc7288",
                  "isHook": false,
                  "skipped": false
                }
              ],
              "suites": [],
              "passes": [
                "21b48048-da6a-4338-94fe-b3d8309afdb9"
              ],
              "failures": [],
              "pending": [],
              "skipped": [],
              "duration": 0,
              "root": false,
              "rootEmpty": false,
              "_timeout": 2000
            },
            {
              "uuid": "8e88a697-9e4f-42b4-9699-150415495b14",
              "title": "filterUsersByAge - empty array",
              "fullFile": "C:\\Test_JS\\test\\usersListUtils.test.js",
              "file": "\\test\\usersListUtils.test.js",
              "beforeHooks": [],
              "afterHooks": [],
              "tests": [
                {
                  "title": "Works with empty array",
                  "fullTitle": "Users List Utils filterUsersByAge - empty array Works with empty array",
                  "timedOut": false,
                  "duration": 0,
                  "state": "passed",
                  "speed": "fast",
                  "pass": true,
                  "fail": false,
                  "pending": false,
                  "context": null,
                  "code": "expect(filterUsersByAge([], 25, 30)).to.deep.equal([]);",
                  "err": {},
                  "uuid": "cadb840c-16e8-46e8-8b2f-acbe4691e964",
                  "parentUUID": "8e88a697-9e4f-42b4-9699-150415495b14",
                  "isHook": false,
                  "skipped": false
                }
              ],
              "suites": [],
              "passes": [
                "cadb840c-16e8-46e8-8b2f-acbe4691e964"
              ],
              "failures": [],
              "pending": [],
              "skipped": [],
              "duration": 0,
              "root": false,
              "rootEmpty": false,
              "_timeout": 2000
            },
            {
              "uuid": "b3828189-a058-406b-81a3-9d10c53ffc54",
              "title": "filterUsersByAge - boundary values",
              "fullFile": "C:\\Test_JS\\test\\usersListUtils.test.js",
              "file": "\\test\\usersListUtils.test.js",
              "beforeHooks": [],
              "afterHooks": [],
              "tests": [
                {
                  "title": "Includes users at boundary ages",
                  "fullTitle": "Users List Utils filterUsersByAge - boundary values Includes users at boundary ages",
                  "timedOut": false,
                  "duration": 0,
                  "state": "passed",
                  "speed": "fast",
                  "pass": true,
                  "fail": false,
                  "pending": false,
                  "context": null,
                  "code": "const result = filterUsersByAge(users, 20, 25);\nexpect(result).to.deep.equal([\n  { id: 1, name: 'John', age: 25, email: 'john@example.com' },\n  { id: 3, name: 'Bob', age: 20, email: 'bob@example.com' },\n]);",
                  "err": {},
                  "uuid": "94521c3a-c77a-436f-af9e-1500ebc5e51a",
                  "parentUUID": "b3828189-a058-406b-81a3-9d10c53ffc54",
                  "isHook": false,
                  "skipped": false
                }
              ],
              "suites": [],
              "passes": [
                "94521c3a-c77a-436f-af9e-1500ebc5e51a"
              ],
              "failures": [],
              "pending": [],
              "skipped": [],
              "duration": 0,
              "root": false,
              "rootEmpty": false,
              "_timeout": 2000
            },
            {
              "uuid": "a6fa2933-cb51-4263-adf6-975599e0eba4",
              "title": "sortUsersByName - normal case",
              "fullFile": "C:\\Test_JS\\test\\usersListUtils.test.js",
              "file": "\\test\\usersListUtils.test.js",
              "beforeHooks": [],
              "afterHooks": [],
              "tests": [
                {
                  "title": "Sorts users by name",
                  "fullTitle": "Users List Utils sortUsersByName - normal case Sorts users by name",
                  "timedOut": false,
                  "duration": 1,
                  "state": "passed",
                  "speed": "fast",
                  "pass": true,
                  "fail": false,
                  "pending": false,
                  "context": null,
                  "code": "const result = sortUsersByName(users);\nexpect(result).to.deep.equal([\n  { id: 2, name: 'Anna', age: 30, email: 'anna@example.com' },\n  { id: 3, name: 'Bob', age: 20, email: 'bob@example.com' },\n  { id: 1, name: 'John', age: 25, email: 'john@example.com' },\n]);",
                  "err": {},
                  "uuid": "5b7d8a4e-4429-4b8e-ae36-5cb7fda59b4b",
                  "parentUUID": "a6fa2933-cb51-4263-adf6-975599e0eba4",
                  "isHook": false,
                  "skipped": false
                }
              ],
              "suites": [],
              "passes": [
                "5b7d8a4e-4429-4b8e-ae36-5cb7fda59b4b"
              ],
              "failures": [],
              "pending": [],
              "skipped": [],
              "duration": 1,
              "root": false,
              "rootEmpty": false,
              "_timeout": 2000
            },
            {
              "uuid": "ce54d8ae-c911-4beb-b1a5-568f072b9d6f",
              "title": "sortUsersByName - input validation",
              "fullFile": "C:\\Test_JS\\test\\usersListUtils.test.js",
              "file": "\\test\\usersListUtils.test.js",
              "beforeHooks": [],
              "afterHooks": [],
              "tests": [
                {
                  "title": "Throws error if users is not an array",
                  "fullTitle": "Users List Utils sortUsersByName - input validation Throws error if users is not an array",
                  "timedOut": false,
                  "duration": 0,
                  "state": "passed",
                  "speed": "fast",
                  "pass": true,
                  "fail": false,
                  "pending": false,
                  "context": null,
                  "code": "expect(() => sortUsersByName('not an array')).to.throw('Users must be an array');",
                  "err": {},
                  "uuid": "27109fe2-ed44-4745-8c2e-cd237d389d08",
                  "parentUUID": "ce54d8ae-c911-4beb-b1a5-568f072b9d6f",
                  "isHook": false,
                  "skipped": false
                }
              ],
              "suites": [],
              "passes": [
                "27109fe2-ed44-4745-8c2e-cd237d389d08"
              ],
              "failures": [],
              "pending": [],
              "skipped": [],
              "duration": 0,
              "root": false,
              "rootEmpty": false,
              "_timeout": 2000
            },
            {
              "uuid": "952dddca-0482-472e-b52f-92702db8bee3",
              "title": "sortUsersByName - empty array",
              "fullFile": "C:\\Test_JS\\test\\usersListUtils.test.js",
              "file": "\\test\\usersListUtils.test.js",
              "beforeHooks": [],
              "afterHooks": [],
              "tests": [
                {
                  "title": "Works with empty array",
                  "fullTitle": "Users List Utils sortUsersByName - empty array Works with empty array",
                  "timedOut": false,
                  "duration": 0,
                  "state": "passed",
                  "speed": "fast",
                  "pass": true,
                  "fail": false,
                  "pending": false,
                  "context": null,
                  "code": "expect(sortUsersByName([])).to.deep.equal([]);",
                  "err": {},
                  "uuid": "162eba1b-f49e-4915-a37c-fa5ac291884e",
                  "parentUUID": "952dddca-0482-472e-b52f-92702db8bee3",
                  "isHook": false,
                  "skipped": false
                }
              ],
              "suites": [],
              "passes": [
                "162eba1b-f49e-4915-a37c-fa5ac291884e"
              ],
              "failures": [],
              "pending": [],
              "skipped": [],
              "duration": 0,
              "root": false,
              "rootEmpty": false,
              "_timeout": 2000
            },
            {
              "uuid": "39ecb322-c935-430a-9aa1-24f72cd23db4",
              "title": "sortUsersByName - same names",
              "fullFile": "C:\\Test_JS\\test\\usersListUtils.test.js",
              "file": "\\test\\usersListUtils.test.js",
              "beforeHooks": [],
              "afterHooks": [],
              "tests": [
                {
                  "title": "Maintains original array order for same names",
                  "fullTitle": "Users List Utils sortUsersByName - same names Maintains original array order for same names",
                  "timedOut": false,
                  "duration": 0,
                  "state": "passed",
                  "speed": "fast",
                  "pass": true,
                  "fail": false,
                  "pending": false,
                  "context": null,
                  "code": "const usersWithSameNames = [\n  { id: 1, name: 'John', age: 25, email: 'john1@example.com' },\n  { id: 2, name: 'John', age: 30, email: 'john2@example.com' },\n];\nconst result = sortUsersByName(usersWithSameNames);\nexpect(result).to.deep.equal(usersWithSameNames);",
                  "err": {},
                  "uuid": "9876c677-e660-4974-b6bd-f534783834a0",
                  "parentUUID": "39ecb322-c935-430a-9aa1-24f72cd23db4",
                  "isHook": false,
                  "skipped": false
                }
              ],
              "suites": [],
              "passes": [
                "9876c677-e660-4974-b6bd-f534783834a0"
              ],
              "failures": [],
              "pending": [],
              "skipped": [],
              "duration": 0,
              "root": false,
              "rootEmpty": false,
              "_timeout": 2000
            },
            {
              "uuid": "e8ab4b03-c4fc-46c1-ab49-7269fb55a23d",
              "title": "findUserById - normal case",
              "fullFile": "C:\\Test_JS\\test\\usersListUtils.test.js",
              "file": "\\test\\usersListUtils.test.js",
              "beforeHooks": [],
              "afterHooks": [],
              "tests": [
                {
                  "title": "Finds user by ID",
                  "fullTitle": "Users List Utils findUserById - normal case Finds user by ID",
                  "timedOut": false,
                  "duration": 0,
                  "state": "passed",
                  "speed": "fast",
                  "pass": true,
                  "fail": false,
                  "pending": false,
                  "context": null,
                  "code": "const result = findUserById(users, 2);\nexpect(result).to.deep.equal({ id: 2, name: 'Anna', age: 30, email: 'anna@example.com' });",
                  "err": {},
                  "uuid": "2002114a-51f4-41c5-8c93-ee8f9cb73208",
                  "parentUUID": "e8ab4b03-c4fc-46c1-ab49-7269fb55a23d",
                  "isHook": false,
                  "skipped": false
                }
              ],
              "suites": [],
              "passes": [
                "2002114a-51f4-41c5-8c93-ee8f9cb73208"
              ],
              "failures": [],
              "pending": [],
              "skipped": [],
              "duration": 0,
              "root": false,
              "rootEmpty": false,
              "_timeout": 2000
            },
            {
              "uuid": "a8201e08-f4d5-4917-8304-80b838da7b95",
              "title": "findUserById - user not found",
              "fullFile": "C:\\Test_JS\\test\\usersListUtils.test.js",
              "file": "\\test\\usersListUtils.test.js",
              "beforeHooks": [],
              "afterHooks": [],
              "tests": [
                {
                  "title": "Returns null if user is not found",
                  "fullTitle": "Users List Utils findUserById - user not found Returns null if user is not found",
                  "timedOut": false,
                  "duration": 0,
                  "state": "passed",
                  "speed": "fast",
                  "pass": true,
                  "fail": false,
                  "pending": false,
                  "context": null,
                  "code": "const result = findUserById(users, 999);\nexpect(result).to.equal(null);",
                  "err": {},
                  "uuid": "370627a2-9ae9-4bc8-9e71-bf8e5f124e8c",
                  "parentUUID": "a8201e08-f4d5-4917-8304-80b838da7b95",
                  "isHook": false,
                  "skipped": false
                }
              ],
              "suites": [],
              "passes": [
                "370627a2-9ae9-4bc8-9e71-bf8e5f124e8c"
              ],
              "failures": [],
              "pending": [],
              "skipped": [],
              "duration": 0,
              "root": false,
              "rootEmpty": false,
              "_timeout": 2000
            },
            {
              "uuid": "ee237840-7b72-4d94-b6f8-eed0b79d021d",
              "title": "findUserById - input validation",
              "fullFile": "C:\\Test_JS\\test\\usersListUtils.test.js",
              "file": "\\test\\usersListUtils.test.js",
              "beforeHooks": [],
              "afterHooks": [],
              "tests": [
                {
                  "title": "Throws error if users is not an array",
                  "fullTitle": "Users List Utils findUserById - input validation Throws error if users is not an array",
                  "timedOut": false,
                  "duration": 0,
                  "state": "passed",
                  "speed": "fast",
                  "pass": true,
                  "fail": false,
                  "pending": false,
                  "context": null,
                  "code": "expect(() => findUserById('not an array', 1)).to.throw('Users must be an array');",
                  "err": {},
                  "uuid": "77d0d5dd-a343-4dc9-9ef8-4eb96c5b37f7",
                  "parentUUID": "ee237840-7b72-4d94-b6f8-eed0b79d021d",
                  "isHook": false,
                  "skipped": false
                }
              ],
              "suites": [],
              "passes": [
                "77d0d5dd-a343-4dc9-9ef8-4eb96c5b37f7"
              ],
              "failures": [],
              "pending": [],
              "skipped": [],
              "duration": 0,
              "root": false,
              "rootEmpty": false,
              "_timeout": 2000
            },
            {
              "uuid": "bc820f7b-5119-4326-8c0d-a58142ae7360",
              "title": "findUserById - empty array",
              "fullFile": "C:\\Test_JS\\test\\usersListUtils.test.js",
              "file": "\\test\\usersListUtils.test.js",
              "beforeHooks": [],
              "afterHooks": [],
              "tests": [
                {
                  "title": "Works with empty array",
                  "fullTitle": "Users List Utils findUserById - empty array Works with empty array",
                  "timedOut": false,
                  "duration": 0,
                  "state": "passed",
                  "speed": "fast",
                  "pass": true,
                  "fail": false,
                  "pending": false,
                  "context": null,
                  "code": "expect(findUserById([], 1)).to.equal(null);",
                  "err": {},
                  "uuid": "04b8b5ec-05b5-44dd-937e-a02d60c5ad72",
                  "parentUUID": "bc820f7b-5119-4326-8c0d-a58142ae7360",
                  "isHook": false,
                  "skipped": false
                }
              ],
              "suites": [],
              "passes": [
                "04b8b5ec-05b5-44dd-937e-a02d60c5ad72"
              ],
              "failures": [],
              "pending": [],
              "skipped": [],
              "duration": 0,
              "root": false,
              "rootEmpty": false,
              "_timeout": 2000
            },
            {
              "uuid": "8422e6c3-83af-4505-b14d-dee6f260999e",
              "title": "findUserById - duplicate IDs",
              "fullFile": "C:\\Test_JS\\test\\usersListUtils.test.js",
              "file": "\\test\\usersListUtils.test.js",
              "beforeHooks": [],
              "afterHooks": [],
              "tests": [
                {
                  "title": "Finds first user if multiple users have same ID",
                  "fullTitle": "Users List Utils findUserById - duplicate IDs Finds first user if multiple users have same ID",
                  "timedOut": false,
                  "duration": 0,
                  "state": "passed",
                  "speed": "fast",
                  "pass": true,
                  "fail": false,
                  "pending": false,
                  "context": null,
                  "code": "const usersWithDuplicateIds = [\n  { id: 1, name: 'John', age: 25, email: 'john1@example.com' },\n  { id: 1, name: 'Jane', age: 30, email: 'jane@example.com' },\n];\nconst result = findUserById(usersWithDuplicateIds, 1);\nexpect(result).to.deep.equal(usersWithDuplicateIds[0]);",
                  "err": {},
                  "uuid": "dbe2c5a7-b467-4298-a270-e15d8272266d",
                  "parentUUID": "8422e6c3-83af-4505-b14d-dee6f260999e",
                  "isHook": false,
                  "skipped": false
                }
              ],
              "suites": [],
              "passes": [
                "dbe2c5a7-b467-4298-a270-e15d8272266d"
              ],
              "failures": [],
              "pending": [],
              "skipped": [],
              "duration": 0,
              "root": false,
              "rootEmpty": false,
              "_timeout": 2000
            },
            {
              "uuid": "24b9a0f8-f570-41ac-8e88-7d61cc76ca04",
              "title": "isEmailTaken - true case",
              "fullFile": "C:\\Test_JS\\test\\usersListUtils.test.js",
              "file": "\\test\\usersListUtils.test.js",
              "beforeHooks": [],
              "afterHooks": [],
              "tests": [
                {
                  "title": "Returns true if email is taken",
                  "fullTitle": "Users List Utils isEmailTaken - true case Returns true if email is taken",
                  "timedOut": false,
                  "duration": 0,
                  "state": "passed",
                  "speed": "fast",
                  "pass": true,
                  "fail": false,
                  "pending": false,
                  "context": null,
                  "code": "expect(isEmailTaken(users, 'anna@example.com')).to.equal(true);",
                  "err": {},
                  "uuid": "c8bfe3f0-b3a3-40e2-acf0-934fab4662c3",
                  "parentUUID": "24b9a0f8-f570-41ac-8e88-7d61cc76ca04",
                  "isHook": false,
                  "skipped": false
                }
              ],
              "suites": [],
              "passes": [
                "c8bfe3f0-b3a3-40e2-acf0-934fab4662c3"
              ],
              "failures": [],
              "pending": [],
              "skipped": [],
              "duration": 0,
              "root": false,
              "rootEmpty": false,
              "_timeout": 2000
            },
            {
              "uuid": "e60ff4a7-3389-44d9-9e25-ec5753751461",
              "title": "isEmailTaken - false case",
              "fullFile": "C:\\Test_JS\\test\\usersListUtils.test.js",
              "file": "\\test\\usersListUtils.test.js",
              "beforeHooks": [],
              "afterHooks": [],
              "tests": [
                {
                  "title": "Returns false if email is not taken",
                  "fullTitle": "Users List Utils isEmailTaken - false case Returns false if email is not taken",
                  "timedOut": false,
                  "duration": 0,
                  "state": "passed",
                  "speed": "fast",
                  "pass": true,
                  "fail": false,
                  "pending": false,
                  "context": null,
                  "code": "expect(isEmailTaken(users, 'unknown@example.com')).to.equal(false);",
                  "err": {},
                  "uuid": "50686e35-46ac-4cf8-84b7-1c63ad541025",
                  "parentUUID": "e60ff4a7-3389-44d9-9e25-ec5753751461",
                  "isHook": false,
                  "skipped": false
                }
              ],
              "suites": [],
              "passes": [
                "50686e35-46ac-4cf8-84b7-1c63ad541025"
              ],
              "failures": [],
              "pending": [],
              "skipped": [],
              "duration": 0,
              "root": false,
              "rootEmpty": false,
              "_timeout": 2000
            },
            {
              "uuid": "cb4374ba-b3fb-4582-9656-dc92b83cf877",
              "title": "isEmailTaken - input validation",
              "fullFile": "C:\\Test_JS\\test\\usersListUtils.test.js",
              "file": "\\test\\usersListUtils.test.js",
              "beforeHooks": [],
              "afterHooks": [],
              "tests": [
                {
                  "title": "Throws error if users is not an array",
                  "fullTitle": "Users List Utils isEmailTaken - input validation Throws error if users is not an array",
                  "timedOut": false,
                  "duration": 0,
                  "state": "passed",
                  "speed": "fast",
                  "pass": true,
                  "fail": false,
                  "pending": false,
                  "context": null,
                  "code": "expect(() => isEmailTaken('not an array', 'test@example.com')).to.throw('Users must be an array');",
                  "err": {},
                  "uuid": "23aaf3ba-50e3-41a8-81bc-e6024544ba21",
                  "parentUUID": "cb4374ba-b3fb-4582-9656-dc92b83cf877",
                  "isHook": false,
                  "skipped": false
                }
              ],
              "suites": [],
              "passes": [
                "23aaf3ba-50e3-41a8-81bc-e6024544ba21"
              ],
              "failures": [],
              "pending": [],
              "skipped": [],
              "duration": 0,
              "root": false,
              "rootEmpty": false,
              "_timeout": 2000
            },
            {
              "uuid": "8b65233f-57bd-40be-8846-d7ff06af50a7",
              "title": "isEmailTaken - empty array",
              "fullFile": "C:\\Test_JS\\test\\usersListUtils.test.js",
              "file": "\\test\\usersListUtils.test.js",
              "beforeHooks": [],
              "afterHooks": [],
              "tests": [
                {
                  "title": "Works with empty array",
                  "fullTitle": "Users List Utils isEmailTaken - empty array Works with empty array",
                  "timedOut": false,
                  "duration": 0,
                  "state": "passed",
                  "speed": "fast",
                  "pass": true,
                  "fail": false,
                  "pending": false,
                  "context": null,
                  "code": "expect(isEmailTaken([], 'test@example.com')).to.equal(false);",
                  "err": {},
                  "uuid": "574ec2ff-0263-4a48-81ca-47095f9cb261",
                  "parentUUID": "8b65233f-57bd-40be-8846-d7ff06af50a7",
                  "isHook": false,
                  "skipped": false
                }
              ],
              "suites": [],
              "passes": [
                "574ec2ff-0263-4a48-81ca-47095f9cb261"
              ],
              "failures": [],
              "pending": [],
              "skipped": [],
              "duration": 0,
              "root": false,
              "rootEmpty": false,
              "_timeout": 2000
            },
            {
              "uuid": "032d296d-f1e8-4dfe-a6de-708bf1d095ac",
              "title": "isEmailTaken - case sensitivity",
              "fullFile": "C:\\Test_JS\\test\\usersListUtils.test.js",
              "file": "\\test\\usersListUtils.test.js",
              "beforeHooks": [],
              "afterHooks": [],
              "tests": [
                {
                  "title": "Is case sensitive for email comparison",
                  "fullTitle": "Users List Utils isEmailTaken - case sensitivity Is case sensitive for email comparison",
                  "timedOut": false,
                  "duration": 0,
                  "state": "passed",
                  "speed": "fast",
                  "pass": true,
                  "fail": false,
                  "pending": false,
                  "context": null,
                  "code": "expect(isEmailTaken(users, 'ANNA@EXAMPLE.COM')).to.equal(false);",
                  "err": {},
                  "uuid": "96c5f112-b3aa-4611-a7fb-9cd3a2744217",
                  "parentUUID": "032d296d-f1e8-4dfe-a6de-708bf1d095ac",
                  "isHook": false,
                  "skipped": false
                }
              ],
              "suites": [],
              "passes": [
                "96c5f112-b3aa-4611-a7fb-9cd3a2744217"
              ],
              "failures": [],
              "pending": [],
              "skipped": [],
              "duration": 0,
              "root": false,
              "rootEmpty": false,
              "_timeout": 2000
            },
            {
              "uuid": "19353b74-cc0c-4519-917d-1a7137ff7bf2",
              "title": "isEmailTaken - duplicate emails",
              "fullFile": "C:\\Test_JS\\test\\usersListUtils.test.js",
              "file": "\\test\\usersListUtils.test.js",
              "beforeHooks": [],
              "afterHooks": [],
              "tests": [
                {
                  "title": "Returns true for first matching email",
                  "fullTitle": "Users List Utils isEmailTaken - duplicate emails Returns true for first matching email",
                  "timedOut": false,
                  "duration": 0,
                  "state": "passed",
                  "speed": "fast",
                  "pass": true,
                  "fail": false,
                  "pending": false,
                  "context": null,
                  "code": "const usersWithDuplicateEmails = [\n  { id: 1, name: 'John', age: 25, email: 'test@example.com' },\n  { id: 2, name: 'Jane', age: 30, email: 'test@example.com' },\n];\nexpect(isEmailTaken(usersWithDuplicateEmails, 'test@example.com')).to.equal(true);",
                  "err": {},
                  "uuid": "e804bbec-19b8-41c6-b7d1-10f63945a245",
                  "parentUUID": "19353b74-cc0c-4519-917d-1a7137ff7bf2",
                  "isHook": false,
                  "skipped": false
                }
              ],
              "suites": [],
              "passes": [
                "e804bbec-19b8-41c6-b7d1-10f63945a245"
              ],
              "failures": [],
              "pending": [],
              "skipped": [],
              "duration": 0,
              "root": false,
              "rootEmpty": false,
              "_timeout": 2000
            }
          ],
          "passes": [],
          "failures": [],
          "pending": [],
          "skipped": [],
          "duration": 0,
          "root": false,
          "rootEmpty": false,
          "_timeout": 2000
        }
      ],
      "passes": [],
      "failures": [],
      "pending": [],
      "skipped": [],
      "duration": 0,
      "root": true,
      "rootEmpty": true,
      "_timeout": 2000
    }
  ],
  "meta": {
    "mocha": {
      "version": "11.1.0"
    },
    "mochawesome": {
      "options": {
        "quiet": false,
        "reportFilename": "mochawesome",
        "saveHtml": true,
        "saveJson": true,
        "consoleReporter": "spec",
        "useInlineDiffs": false,
        "code": true
      },
      "version": "7.1.3"
    },
    "marge": {
      "options": {
        "[object Object]": true
      },
      "version": "6.2.0"
    }
  }
}